2026-02-11 07:44:30,306 - INFO - ======================================================================
2026-02-11 07:44:30,306 - INFO - Stage 4: DoA Multi-Method Validation
2026-02-11 07:44:30,306 - INFO - ======================================================================
2026-02-11 07:44:30,306 - INFO - Speaker: 22-0.1V
2026-02-11 07:44:30,306 - INFO - Geometry Truth:  \u03c4 = -1.450 ms, \u03b8 = -20.82°
2026-02-11 07:44:30,306 - INFO - Reference(geometry): \u03c4 = -1.450 ms, \u03b8 = -20.82°
2026-02-11 07:44:30,306 - INFO - Distances: d_left = 2.002 m, d_right = 2.500 m
2026-02-11 07:44:30,306 - INFO - 
Loading audio files...
2026-02-11 07:44:31,657 - INFO - Sample rate: 48000 Hz
2026-02-11 07:44:31,657 - INFO - Duration: 1043.46 s
2026-02-11 07:45:24,040 - INFO - 
Evaluating 5 segments...
2026-02-11 07:45:24,040 - INFO -   Segment 1/5: center_t=120.00s
2026-02-11 07:45:27,663 - INFO -   Segment 2/5: center_t=143.00s
2026-02-11 07:45:31,161 - INFO -   Segment 3/5: center_t=181.00s
2026-02-11 07:45:34,641 - INFO -   Segment 4/5: center_t=243.00s
2026-02-11 07:45:38,028 - INFO -   Segment 5/5: center_t=299.00s
2026-02-11 07:45:41,435 - INFO - 
======================================================================
2026-02-11 07:45:41,435 - INFO - Stage 4 Results: Speaker 22-0.1V
2026-02-11 07:45:41,435 - INFO - Geometry Truth:  \u03c4 = -1.450 ms, \u03b8 = -20.82°
2026-02-11 07:45:41,435 - INFO - Reference(geometry): \u03c4 = -1.450 ms, \u03b8 = -20.82°
2026-02-11 07:45:41,435 - INFO - ======================================================================
2026-02-11 07:45:41,435 - INFO - 
GCC-PHAT:
2026-02-11 07:45:41,435 - INFO - ------------------------------------------------------------
2026-02-11 07:45:41,435 - INFO - Pairing         \u03c4 (ms)       \u03b8 (°)      \u03b8_err      PSR (dB)  
2026-02-11 07:45:41,435 - INFO - ------------------------------------------------------------
2026-02-11 07:45:41,436 - INFO - MicL-MicR       -1.689 ± 0.000  -24.4     3.6      11.0
2026-02-11 07:45:41,436 - INFO - Raw_LDV         -1.231 ± 0.011  -17.6     3.3      -3.2
2026-02-11 07:45:41,436 - INFO - Random_LDV      -1.539 ± 0.065  -22.2     1.3      3.0
2026-02-11 07:45:41,436 - INFO - OMP_LDV         -1.536 ± 0.035  -22.1     1.3      3.1
2026-02-11 07:45:41,436 - INFO - 
CC:
2026-02-11 07:45:41,436 - INFO - ------------------------------------------------------------
2026-02-11 07:45:41,436 - INFO - Pairing         \u03c4 (ms)       \u03b8 (°)      \u03b8_err      PSR (dB)  
2026-02-11 07:45:41,436 - INFO - ------------------------------------------------------------
2026-02-11 07:45:41,437 - INFO - MicL-MicR       -5.083 ± 0.583  -90.0     69.2      0.4
2026-02-11 07:45:41,437 - INFO - Raw_LDV         +8.771 ± 1.881  +90.0     110.8      1.5
2026-02-11 07:45:41,437 - INFO - Random_LDV      +5.896 ± 2.688  +90.0     110.8      1.1
2026-02-11 07:45:41,437 - INFO - OMP_LDV         +5.750 ± 1.853  +90.0     110.8      1.1
2026-02-11 07:45:41,437 - INFO - 
NCC:
2026-02-11 07:45:41,437 - INFO - ------------------------------------------------------------
2026-02-11 07:45:41,437 - INFO - Pairing         \u03c4 (ms)       \u03b8 (°)      \u03b8_err      PSR (dB)  
2026-02-11 07:45:41,437 - INFO - ------------------------------------------------------------
2026-02-11 07:45:41,438 - INFO - MicL-MicR       -5.083 ± 0.583  -90.0     69.2      0.3
2026-02-11 07:45:41,438 - INFO - Raw_LDV         +8.771 ± 1.881  +90.0     110.8      0.4
2026-02-11 07:45:41,438 - INFO - Random_LDV      +5.750 ± 1.853  +90.0     110.8      1.2
2026-02-11 07:45:41,438 - INFO - OMP_LDV         +5.750 ± 1.853  +90.0     110.8      1.3
2026-02-11 07:45:41,438 - INFO - 
MUSIC:
2026-02-11 07:45:41,438 - INFO - ------------------------------------------------------------
2026-02-11 07:45:41,438 - INFO - Pairing         \u03c4 (ms)       \u03b8 (°)      \u03b8_err      PSR (dB)  
2026-02-11 07:45:41,438 - INFO - ------------------------------------------------------------
2026-02-11 07:45:41,438 - INFO - MicL-MicR       +1.672 ± 5.228  +24.2     45.0      0.3
2026-02-11 07:45:41,439 - INFO - Raw_LDV         -2.392 ± 5.154  -35.9     69.2      0.0
2026-02-11 07:45:41,439 - INFO - Random_LDV      -0.430 ± 1.404  -6.1     25.5      0.2
2026-02-11 07:45:41,439 - INFO - OMP_LDV         +0.450 ± 2.379  +6.3     28.5      0.0
2026-02-11 07:45:41,439 - INFO - 
======================================================================
2026-02-11 07:45:41,439 - INFO - Pass Conditions:
2026-02-11 07:45:41,439 - INFO - ======================================================================
2026-02-11 07:45:41,439 - INFO - GCC-PHAT: OMP \u03b8_err=1.3° (Raw=3.3°) \u2713 PASS
2026-02-11 07:45:41,439 - INFO - CC: OMP \u03b8_err=110.8° (Raw=110.8°) \u2717 FAIL
2026-02-11 07:45:41,439 - INFO - NCC: OMP \u03b8_err=110.8° (Raw=110.8°) \u2717 FAIL
2026-02-11 07:45:41,439 - INFO - MUSIC: OMP \u03b8_err=28.5° (Raw=69.2°) \u2717 FAIL
2026-02-11 07:45:41,439 - INFO - ------------------------------------------------------------
2026-02-11 07:45:41,439 - INFO - OVERALL: \u2717 FAILED (1/4 methods)
2026-02-11 07:45:41,439 - INFO - ======================================================================
2026-02-11 07:45:41,444 - INFO - 
Results saved to: results\stage4_speech_geometry_tau0p3_band0_20260211_072624\22-0.1V\summary.json
