2026-02-11 07:31:19,087 - INFO - ======================================================================
2026-02-11 07:31:19,087 - INFO - Stage 4: DoA Multi-Method Validation
2026-02-11 07:31:19,087 - INFO - ======================================================================
2026-02-11 07:31:19,087 - INFO - Speaker: 22-0.1V
2026-02-11 07:31:19,087 - INFO - Geometry Truth:  \u03c4 = -1.450 ms, \u03b8 = -20.82°
2026-02-11 07:31:19,088 - INFO - Reference(geometry): \u03c4 = -1.450 ms, \u03b8 = -20.82°
2026-02-11 07:31:19,088 - INFO - Distances: d_left = 2.002 m, d_right = 2.500 m
2026-02-11 07:31:19,088 - INFO - 
Loading audio files...
2026-02-11 07:31:20,463 - INFO - Sample rate: 48000 Hz
2026-02-11 07:31:20,463 - INFO - Duration: 1043.46 s
2026-02-11 07:32:13,344 - INFO - 
Evaluating 5 segments...
2026-02-11 07:32:13,344 - INFO -   Segment 1/5: center_t=120.00s
2026-02-11 07:32:16,969 - INFO -   Segment 2/5: center_t=143.00s
2026-02-11 07:32:20,494 - INFO -   Segment 3/5: center_t=181.00s
2026-02-11 07:32:23,951 - INFO -   Segment 4/5: center_t=243.00s
2026-02-11 07:32:27,394 - INFO -   Segment 5/5: center_t=299.00s
2026-02-11 07:32:30,782 - INFO - 
======================================================================
2026-02-11 07:32:30,783 - INFO - Stage 4 Results: Speaker 22-0.1V
2026-02-11 07:32:30,783 - INFO - Geometry Truth:  \u03c4 = -1.450 ms, \u03b8 = -20.82°
2026-02-11 07:32:30,783 - INFO - Reference(geometry): \u03c4 = -1.450 ms, \u03b8 = -20.82°
2026-02-11 07:32:30,783 - INFO - ======================================================================
2026-02-11 07:32:30,783 - INFO - 
GCC-PHAT:
2026-02-11 07:32:30,783 - INFO - ------------------------------------------------------------
2026-02-11 07:32:30,783 - INFO - Pairing         \u03c4 (ms)       \u03b8 (°)      \u03b8_err      PSR (dB)  
2026-02-11 07:32:30,783 - INFO - ------------------------------------------------------------
2026-02-11 07:32:30,783 - INFO - MicL-MicR       -1.689 ± 0.000  -24.4     3.6      11.0
2026-02-11 07:32:30,783 - INFO - Raw_LDV         -1.231 ± 0.011  -17.6     3.3      -3.2
2026-02-11 07:32:30,784 - INFO - Random_LDV      -1.538 ± 0.065  -22.1     1.3      3.0
2026-02-11 07:32:30,784 - INFO - OMP_LDV         -1.536 ± 0.035  -22.1     1.3      3.1
2026-02-11 07:32:30,784 - INFO - 
CC:
2026-02-11 07:32:30,784 - INFO - ------------------------------------------------------------
2026-02-11 07:32:30,784 - INFO - Pairing         \u03c4 (ms)       \u03b8 (°)      \u03b8_err      PSR (dB)  
2026-02-11 07:32:30,784 - INFO - ------------------------------------------------------------
2026-02-11 07:32:30,784 - INFO - MicL-MicR       -5.083 ± 0.583  -90.0     69.2      0.4
2026-02-11 07:32:30,784 - INFO - Raw_LDV         +8.771 ± 1.881  +90.0     110.8      1.5
2026-02-11 07:32:30,785 - INFO - Random_LDV      +5.750 ± 1.853  +90.0     110.8      1.1
2026-02-11 07:32:30,785 - INFO - OMP_LDV         +5.750 ± 1.853  +90.0     110.8      1.1
2026-02-11 07:32:30,785 - INFO - 
NCC:
2026-02-11 07:32:30,785 - INFO - ------------------------------------------------------------
2026-02-11 07:32:30,785 - INFO - Pairing         \u03c4 (ms)       \u03b8 (°)      \u03b8_err      PSR (dB)  
2026-02-11 07:32:30,785 - INFO - ------------------------------------------------------------
2026-02-11 07:32:30,785 - INFO - MicL-MicR       -5.083 ± 0.583  -90.0     69.2      0.3
2026-02-11 07:32:30,785 - INFO - Raw_LDV         +8.771 ± 1.881  +90.0     110.8      0.4
2026-02-11 07:32:30,785 - INFO - Random_LDV      +5.750 ± 1.853  +90.0     110.8      1.3
2026-02-11 07:32:30,786 - INFO - OMP_LDV         +5.750 ± 1.853  +90.0     110.8      1.3
2026-02-11 07:32:30,786 - INFO - 
MUSIC:
2026-02-11 07:32:30,786 - INFO - ------------------------------------------------------------
2026-02-11 07:32:30,786 - INFO - Pairing         \u03c4 (ms)       \u03b8 (°)      \u03b8_err      PSR (dB)  
2026-02-11 07:32:30,786 - INFO - ------------------------------------------------------------
2026-02-11 07:32:30,786 - INFO - MicL-MicR       +1.672 ± 5.228  +24.2     45.0      0.3
2026-02-11 07:32:30,786 - INFO - Raw_LDV         -2.392 ± 5.154  -35.9     69.2      0.0
2026-02-11 07:32:30,786 - INFO - Random_LDV      -2.212 ± 1.602  -32.8     27.2      0.1
2026-02-11 07:32:30,786 - INFO - OMP_LDV         +0.450 ± 2.379  +6.3     28.5      0.0
2026-02-11 07:32:30,786 - INFO - 
======================================================================
2026-02-11 07:32:30,787 - INFO - Pass Conditions:
2026-02-11 07:32:30,787 - INFO - ======================================================================
2026-02-11 07:32:30,787 - INFO - GCC-PHAT: OMP \u03b8_err=1.3° (Raw=3.3°) \u2713 PASS
2026-02-11 07:32:30,787 - INFO - CC: OMP \u03b8_err=110.8° (Raw=110.8°) \u2717 FAIL
2026-02-11 07:32:30,787 - INFO - NCC: OMP \u03b8_err=110.8° (Raw=110.8°) \u2717 FAIL
2026-02-11 07:32:30,787 - INFO - MUSIC: OMP \u03b8_err=28.5° (Raw=69.2°) \u2717 FAIL
2026-02-11 07:32:30,787 - INFO - ------------------------------------------------------------
2026-02-11 07:32:30,787 - INFO - OVERALL: \u2717 FAILED (1/4 methods)
2026-02-11 07:32:30,787 - INFO - ======================================================================
2026-02-11 07:32:30,791 - INFO - 
Results saved to: results\stage4_speech_geometry_tau2_band0_20260211_072624\22-0.1V\summary.json
