2026-02-11 07:54:17,232 - INFO - ======================================================================
2026-02-11 07:54:17,232 - INFO - Stage 4: DoA Multi-Method Validation
2026-02-11 07:54:17,232 - INFO - ======================================================================
2026-02-11 07:54:17,232 - INFO - Speaker: 19-0.1V
2026-02-11 07:54:17,232 - INFO - Geometry Truth:  \u03c4 = 0.759 ms, \u03b8 = 10.71°
2026-02-11 07:54:17,232 - INFO - Reference(override): \u03c4 = 0.915 ms, \u03b8 = 12.95°
2026-02-11 07:54:17,232 - INFO - Distances: d_left = 2.283 m, d_right = 2.022 m
2026-02-11 07:54:17,232 - INFO - 
Loading audio files...
2026-02-11 07:54:18,597 - INFO - Sample rate: 48000 Hz
2026-02-11 07:54:18,597 - INFO - Duration: 1047.04 s
2026-02-11 07:55:11,045 - INFO - 
Evaluating 5 segments...
2026-02-11 07:55:11,045 - INFO -   Segment 1/5: center_t=122.00s
2026-02-11 07:55:14,478 - INFO -   Segment 2/5: center_t=348.00s
2026-02-11 07:55:17,979 - INFO -   Segment 3/5: center_t=353.00s
2026-02-11 07:55:21,717 - INFO -   Segment 4/5: center_t=392.00s
2026-02-11 07:55:25,375 - INFO -   Segment 5/5: center_t=538.00s
2026-02-11 07:55:29,040 - INFO - 
======================================================================
2026-02-11 07:55:29,040 - INFO - Stage 4 Results: Speaker 19-0.1V
2026-02-11 07:55:29,040 - INFO - Geometry Truth:  \u03c4 = 0.759 ms, \u03b8 = 10.71°
2026-02-11 07:55:29,040 - INFO - Reference(override): \u03c4 = 0.915 ms, \u03b8 = 12.95°
2026-02-11 07:55:29,040 - INFO - ======================================================================
2026-02-11 07:55:29,040 - INFO - 
GCC-PHAT:
2026-02-11 07:55:29,040 - INFO - ------------------------------------------------------------
2026-02-11 07:55:29,040 - INFO - Pairing         \u03c4 (ms)       \u03b8 (°)      \u03b8_err      PSR (dB)  
2026-02-11 07:55:29,040 - INFO - ------------------------------------------------------------
2026-02-11 07:55:29,040 - INFO - MicL-MicR       +0.772 ± 0.075  +10.9     2.0      -19.5
2026-02-11 07:55:29,040 - INFO - Raw_LDV         +1.149 ± 0.153  +16.3     3.4      -4.4
2026-02-11 07:55:29,044 - INFO - Random_LDV      +0.705 ± 0.016  +9.9     3.0      -4.8
2026-02-11 07:55:29,044 - INFO - OMP_LDV         +0.705 ± 0.175  +9.9     3.0      -4.7
2026-02-11 07:55:29,044 - INFO - 
CC:
2026-02-11 07:55:29,044 - INFO - ------------------------------------------------------------
2026-02-11 07:55:29,044 - INFO - Pairing         \u03c4 (ms)       \u03b8 (°)      \u03b8_err      PSR (dB)  
2026-02-11 07:55:29,045 - INFO - ------------------------------------------------------------
2026-02-11 07:55:29,045 - INFO - MicL-MicR       -3.958 ± 3.288  -75.9     88.8      0.3
2026-02-11 07:55:29,045 - INFO - Raw_LDV         -7.458 ± 3.197  -90.0     102.9      0.4
2026-02-11 07:55:29,045 - INFO - Random_LDV      -2.583 ± 4.790  -39.3     77.1      0.4
2026-02-11 07:55:29,045 - INFO - OMP_LDV         -2.583 ± 4.790  -39.3     77.1      0.4
2026-02-11 07:55:29,045 - INFO - 
NCC:
2026-02-11 07:55:29,045 - INFO - ------------------------------------------------------------
2026-02-11 07:55:29,045 - INFO - Pairing         \u03c4 (ms)       \u03b8 (°)      \u03b8_err      PSR (dB)  
2026-02-11 07:55:29,045 - INFO - ------------------------------------------------------------
2026-02-11 07:55:29,046 - INFO - MicL-MicR       -3.958 ± 3.288  -75.9     88.8      0.2
2026-02-11 07:55:29,046 - INFO - Raw_LDV         -7.458 ± 3.197  -90.0     102.9      0.6
2026-02-11 07:55:29,046 - INFO - Random_LDV      -2.583 ± 4.790  -39.3     77.1      0.3
2026-02-11 07:55:29,046 - INFO - OMP_LDV         -2.583 ± 4.790  -39.3     77.1      0.3
2026-02-11 07:55:29,046 - INFO - 
MUSIC:
2026-02-11 07:55:29,046 - INFO - ------------------------------------------------------------
2026-02-11 07:55:29,046 - INFO - Pairing         \u03c4 (ms)       \u03b8 (°)      \u03b8_err      PSR (dB)  
2026-02-11 07:55:29,046 - INFO - ------------------------------------------------------------
2026-02-11 07:55:29,047 - INFO - MicL-MicR       +1.672 ± 8.453  +24.2     77.1      0.8
2026-02-11 07:55:29,047 - INFO - Raw_LDV         +7.698 ± 2.716  +90.0     77.1      0.0
2026-02-11 07:55:29,047 - INFO - Random_LDV      -0.270 ± 4.664  -3.8     42.8      1.3
2026-02-11 07:55:29,047 - INFO - OMP_LDV         +0.631 ± 3.266  +8.9     16.7      1.5
2026-02-11 07:55:29,047 - INFO - 
======================================================================
2026-02-11 07:55:29,047 - INFO - Pass Conditions:
2026-02-11 07:55:29,047 - INFO - ======================================================================
2026-02-11 07:55:29,047 - INFO - GCC-PHAT: OMP \u03b8_err=3.0° (Raw=3.4°) \u2713 PASS
2026-02-11 07:55:29,047 - INFO - CC: OMP \u03b8_err=77.1° (Raw=102.9°) \u2717 FAIL
2026-02-11 07:55:29,047 - INFO - NCC: OMP \u03b8_err=77.1° (Raw=102.9°) \u2717 FAIL
2026-02-11 07:55:29,047 - INFO - MUSIC: OMP \u03b8_err=16.7° (Raw=77.1°) \u2717 FAIL
2026-02-11 07:55:29,047 - INFO - ------------------------------------------------------------
2026-02-11 07:55:29,047 - INFO - OVERALL: \u2717 FAILED (1/4 methods)
2026-02-11 07:55:29,047 - INFO - ======================================================================
2026-02-11 07:55:29,052 - INFO - 
Results saved to: results\stage4_speech_chirp_tau2_band0_20260211_072624\19-0.1V\summary.json
