2026-02-11 07:40:50,834 - INFO - ======================================================================
2026-02-11 07:40:50,834 - INFO - Stage 4: DoA Multi-Method Validation
2026-02-11 07:40:50,834 - INFO - ======================================================================
2026-02-11 07:40:50,834 - INFO - Speaker: 19-0.1V
2026-02-11 07:40:50,834 - INFO - Geometry Truth:  \u03c4 = 0.759 ms, \u03b8 = 10.71°
2026-02-11 07:40:50,834 - INFO - Reference(geometry): \u03c4 = 0.759 ms, \u03b8 = 10.71°
2026-02-11 07:40:50,834 - INFO - Distances: d_left = 2.283 m, d_right = 2.022 m
2026-02-11 07:40:50,834 - INFO - 
Loading audio files...
2026-02-11 07:40:52,221 - INFO - Sample rate: 48000 Hz
2026-02-11 07:40:52,221 - INFO - Duration: 1047.04 s
2026-02-11 07:41:45,008 - INFO - 
Evaluating 5 segments...
2026-02-11 07:41:45,008 - INFO -   Segment 1/5: center_t=393.00s
2026-02-11 07:41:48,465 - INFO -   Segment 2/5: center_t=451.00s
2026-02-11 07:41:52,039 - INFO -   Segment 3/5: center_t=508.00s
2026-02-11 07:41:55,768 - INFO -   Segment 4/5: center_t=534.00s
2026-02-11 07:41:59,484 - INFO -   Segment 5/5: center_t=553.00s
2026-02-11 07:42:03,146 - INFO - 
======================================================================
2026-02-11 07:42:03,146 - INFO - Stage 4 Results: Speaker 19-0.1V
2026-02-11 07:42:03,146 - INFO - Geometry Truth:  \u03c4 = 0.759 ms, \u03b8 = 10.71°
2026-02-11 07:42:03,146 - INFO - Reference(geometry): \u03c4 = 0.759 ms, \u03b8 = 10.71°
2026-02-11 07:42:03,146 - INFO - ======================================================================
2026-02-11 07:42:03,146 - INFO - 
GCC-PHAT:
2026-02-11 07:42:03,146 - INFO - ------------------------------------------------------------
2026-02-11 07:42:03,146 - INFO - Pairing         \u03c4 (ms)       \u03b8 (°)      \u03b8_err      PSR (dB)  
2026-02-11 07:42:03,146 - INFO - ------------------------------------------------------------
2026-02-11 07:42:03,146 - INFO - MicL-MicR       +0.770 ± 0.000  +10.9     0.2      -19.7
2026-02-11 07:42:03,146 - INFO - Raw_LDV         +0.747 ± 0.010  +10.5     0.2      -4.9
2026-02-11 07:42:03,146 - INFO - Random_LDV      +0.810 ± 0.069  +11.4     1.1      -5.4
2026-02-11 07:42:03,146 - INFO - OMP_LDV         +0.704 ± 0.068  +9.9     1.1      -5.2
2026-02-11 07:42:03,146 - INFO - 
CC:
2026-02-11 07:42:03,146 - INFO - ------------------------------------------------------------
2026-02-11 07:42:03,146 - INFO - Pairing         \u03c4 (ms)       \u03b8 (°)      \u03b8_err      PSR (dB)  
2026-02-11 07:42:03,146 - INFO - ------------------------------------------------------------
2026-02-11 07:42:03,146 - INFO - MicL-MicR       -3.021 ± 0.021  -47.7     58.5      0.3
2026-02-11 07:42:03,146 - INFO - Raw_LDV         -7.458 ± 1.614  -90.0     100.7      1.0
2026-02-11 07:42:03,146 - INFO - Random_LDV      -6.438 ± 2.232  -90.0     100.7      0.3
2026-02-11 07:42:03,146 - INFO - OMP_LDV         -6.438 ± 2.232  -90.0     100.7      0.3
2026-02-11 07:42:03,146 - INFO - 
NCC:
2026-02-11 07:42:03,146 - INFO - ------------------------------------------------------------
2026-02-11 07:42:03,146 - INFO - Pairing         \u03c4 (ms)       \u03b8 (°)      \u03b8_err      PSR (dB)  
2026-02-11 07:42:03,146 - INFO - ------------------------------------------------------------
2026-02-11 07:42:03,146 - INFO - MicL-MicR       -3.021 ± 0.021  -47.7     58.5      0.2
2026-02-11 07:42:03,146 - INFO - Raw_LDV         -7.458 ± 1.614  -90.0     100.7      0.9
2026-02-11 07:42:03,146 - INFO - Random_LDV      -2.583 ± 4.844  -39.3     79.3      0.2
2026-02-11 07:42:03,146 - INFO - OMP_LDV         -2.583 ± 4.844  -39.3     79.3      0.2
2026-02-11 07:42:03,146 - INFO - 
MUSIC:
2026-02-11 07:42:03,146 - INFO - ------------------------------------------------------------
2026-02-11 07:42:03,146 - INFO - Pairing         \u03c4 (ms)       \u03b8 (°)      \u03b8_err      PSR (dB)  
2026-02-11 07:42:03,146 - INFO - ------------------------------------------------------------
2026-02-11 07:42:03,146 - INFO - MicL-MicR       -8.979 ± 5.226  -90.0     100.7      0.5
2026-02-11 07:42:03,146 - INFO - Raw_LDV         +8.278 ± 6.723  +90.0     79.3      0.3
2026-02-11 07:42:03,146 - INFO - Random_LDV      -0.250 ± 2.995  -3.5     16.5      0.4
2026-02-11 07:42:03,146 - INFO - OMP_LDV         -0.410 ± 3.416  -5.8     16.5      0.5
2026-02-11 07:42:03,146 - INFO - 
======================================================================
2026-02-11 07:42:03,146 - INFO - Pass Conditions:
2026-02-11 07:42:03,146 - INFO - ======================================================================
2026-02-11 07:42:03,146 - INFO - GCC-PHAT: OMP \u03b8_err=1.1° (Raw=0.2°) \u2717 FAIL
2026-02-11 07:42:03,146 - INFO - CC: OMP \u03b8_err=100.7° (Raw=100.7°) \u2717 FAIL
2026-02-11 07:42:03,146 - INFO - NCC: OMP \u03b8_err=79.3° (Raw=100.7°) \u2717 FAIL
2026-02-11 07:42:03,146 - INFO - MUSIC: OMP \u03b8_err=16.5° (Raw=79.3°) \u2717 FAIL
2026-02-11 07:42:03,146 - INFO - ------------------------------------------------------------
2026-02-11 07:42:03,146 - INFO - OVERALL: \u2717 FAILED (0/4 methods)
2026-02-11 07:42:03,146 - INFO - ======================================================================
2026-02-11 07:42:03,155 - INFO - 
Results saved to: results\stage4_speech_geometry_tau0p3_band0_20260211_072624\19-0.1V\summary.json
