2026-02-11 07:50:05,979 - INFO - ======================================================================
2026-02-11 07:50:05,979 - INFO - Stage 4: DoA Multi-Method Validation
2026-02-11 07:50:05,979 - INFO - ======================================================================
2026-02-11 07:50:05,979 - INFO - Speaker: 21-0.1V
2026-02-11 07:50:05,979 - INFO - Geometry Truth:  \u03c4 = -0.759 ms, \u03b8 = -10.71°
2026-02-11 07:50:05,979 - INFO - Reference(geometry): \u03c4 = -0.759 ms, \u03b8 = -10.71°
2026-02-11 07:50:05,979 - INFO - Distances: d_left = 2.022 m, d_right = 2.283 m
2026-02-11 07:50:05,979 - INFO - 
Loading audio files...
2026-02-11 07:50:07,340 - INFO - Sample rate: 48000 Hz
2026-02-11 07:50:07,340 - INFO - Duration: 1043.97 s
2026-02-11 07:51:12,474 - INFO - 
Evaluating 5 segments...
2026-02-11 07:51:12,474 - INFO -   Segment 1/5: center_t=240.00s
2026-02-11 07:51:16,093 - INFO -   Segment 2/5: center_t=373.00s
2026-02-11 07:51:19,712 - INFO -   Segment 3/5: center_t=417.00s
2026-02-11 07:51:23,369 - INFO -   Segment 4/5: center_t=485.00s
2026-02-11 07:51:27,046 - INFO -   Segment 5/5: center_t=598.00s
2026-02-11 07:51:30,701 - INFO - 
======================================================================
2026-02-11 07:51:30,701 - INFO - Stage 4 Results: Speaker 21-0.1V
2026-02-11 07:51:30,701 - INFO - Geometry Truth:  \u03c4 = -0.759 ms, \u03b8 = -10.71°
2026-02-11 07:51:30,701 - INFO - Reference(geometry): \u03c4 = -0.759 ms, \u03b8 = -10.71°
2026-02-11 07:51:30,701 - INFO - ======================================================================
2026-02-11 07:51:30,701 - INFO - 
GCC-PHAT:
2026-02-11 07:51:30,701 - INFO - ------------------------------------------------------------
2026-02-11 07:51:30,701 - INFO - Pairing         \u03c4 (ms)       \u03b8 (°)      \u03b8_err      PSR (dB)  
2026-02-11 07:51:30,701 - INFO - ------------------------------------------------------------
2026-02-11 07:51:30,701 - INFO - MicL-MicR       -0.753 ± 0.019  -10.6     0.2      -15.5
2026-02-11 07:51:30,701 - INFO - Raw_LDV         -0.668 ± 0.185  -9.4     1.3      -3.0
2026-02-11 07:51:30,701 - INFO - Random_LDV      -0.601 ± 0.051  -8.5     2.2      1.1
2026-02-11 07:51:30,701 - INFO - OMP_LDV         -0.602 ± 0.054  -8.5     2.2      1.1
2026-02-11 07:51:30,701 - INFO - 
CC:
2026-02-11 07:51:30,701 - INFO - ------------------------------------------------------------
2026-02-11 07:51:30,701 - INFO - Pairing         \u03c4 (ms)       \u03b8 (°)      \u03b8_err      PSR (dB)  
2026-02-11 07:51:30,701 - INFO - ------------------------------------------------------------
2026-02-11 07:51:30,701 - INFO - MicL-MicR       -1.729 ± 0.010  -25.1     14.4      3.6
2026-02-11 07:51:30,701 - INFO - Raw_LDV         +8.792 ± 0.010  +90.0     100.7      1.7
2026-02-11 07:51:30,701 - INFO - Random_LDV      +8.792 ± 0.016  +90.0     100.7      1.6
2026-02-11 07:51:30,701 - INFO - OMP_LDV         +8.792 ± 0.016  +90.0     100.7      1.6
2026-02-11 07:51:30,701 - INFO - 
NCC:
2026-02-11 07:51:30,701 - INFO - ------------------------------------------------------------
2026-02-11 07:51:30,701 - INFO - Pairing         \u03c4 (ms)       \u03b8 (°)      \u03b8_err      PSR (dB)  
2026-02-11 07:51:30,701 - INFO - ------------------------------------------------------------
2026-02-11 07:51:30,701 - INFO - MicL-MicR       -1.729 ± 0.010  -25.1     14.4      3.6
2026-02-11 07:51:30,701 - INFO - Raw_LDV         +8.792 ± 0.010  +90.0     100.7      1.7
2026-02-11 07:51:30,708 - INFO - Random_LDV      +8.792 ± 0.016  +90.0     100.7      1.6
2026-02-11 07:51:30,708 - INFO - OMP_LDV         +8.792 ± 0.016  +90.0     100.7      1.6
2026-02-11 07:51:30,708 - INFO - 
MUSIC:
2026-02-11 07:51:30,708 - INFO - ------------------------------------------------------------
2026-02-11 07:51:30,708 - INFO - Pairing         \u03c4 (ms)       \u03b8 (°)      \u03b8_err      PSR (dB)  
2026-02-11 07:51:30,708 - INFO - ------------------------------------------------------------
2026-02-11 07:51:30,708 - INFO - MicL-MicR       +4.114 ± 6.338  +90.0     100.7      0.6
2026-02-11 07:51:30,708 - INFO - Raw_LDV         +8.358 ± 0.747  +90.0     100.7      0.4
2026-02-11 07:51:30,708 - INFO - Random_LDV      +8.258 ± 5.124  +90.0     100.7      0.1
2026-02-11 07:51:30,708 - INFO - OMP_LDV         +8.398 ± 5.815  +90.0     100.7      0.1
2026-02-11 07:51:30,708 - INFO - 
======================================================================
2026-02-11 07:51:30,708 - INFO - Pass Conditions:
2026-02-11 07:51:30,708 - INFO - ======================================================================
2026-02-11 07:51:30,708 - INFO - GCC-PHAT: OMP \u03b8_err=2.2° (Raw=1.3°) \u2717 FAIL
2026-02-11 07:51:30,708 - INFO - CC: OMP \u03b8_err=100.7° (Raw=100.7°) \u2717 FAIL
2026-02-11 07:51:30,708 - INFO - NCC: OMP \u03b8_err=100.7° (Raw=100.7°) \u2717 FAIL
2026-02-11 07:51:30,708 - INFO - MUSIC: OMP \u03b8_err=100.7° (Raw=100.7°) \u2717 FAIL
2026-02-11 07:51:30,708 - INFO - ------------------------------------------------------------
2026-02-11 07:51:30,708 - INFO - OVERALL: \u2717 FAILED (0/4 methods)
2026-02-11 07:51:30,708 - INFO - ======================================================================
2026-02-11 07:51:30,712 - INFO - 
Results saved to: results\stage4_speech_geometry_tau0p3_band500_2000_20260211_072624\21-0.1V\summary.json
