2026-02-11 08:11:20,370 - INFO - ======================================================================
2026-02-11 08:11:20,370 - INFO - Stage 4: DoA Multi-Method Validation
2026-02-11 08:11:20,370 - INFO - ======================================================================
2026-02-11 08:11:20,370 - INFO - Speaker: 22-0.1V
2026-02-11 08:11:20,370 - INFO - Geometry Truth:  \u03c4 = -1.450 ms, \u03b8 = -20.82°
2026-02-11 08:11:20,370 - INFO - Reference(override): \u03c4 = -1.307 ms, \u03b8 = -18.68°
2026-02-11 08:11:20,370 - INFO - Distances: d_left = 2.002 m, d_right = 2.500 m
2026-02-11 08:11:20,370 - INFO - 
Loading audio files...
2026-02-11 08:11:21,720 - INFO - Sample rate: 48000 Hz
2026-02-11 08:11:21,720 - INFO - Duration: 1043.46 s
2026-02-11 08:12:14,114 - INFO - 
Evaluating 5 segments...
2026-02-11 08:12:14,114 - INFO -   Segment 1/5: center_t=112.00s
2026-02-11 08:12:17,689 - INFO -   Segment 2/5: center_t=163.00s
2026-02-11 08:12:21,236 - INFO -   Segment 3/5: center_t=234.00s
2026-02-11 08:12:24,558 - INFO -   Segment 4/5: center_t=395.00s
2026-02-11 08:12:27,956 - INFO -   Segment 5/5: center_t=449.00s
2026-02-11 08:12:31,388 - INFO - 
======================================================================
2026-02-11 08:12:31,388 - INFO - Stage 4 Results: Speaker 22-0.1V
2026-02-11 08:12:31,388 - INFO - Geometry Truth:  \u03c4 = -1.450 ms, \u03b8 = -20.82°
2026-02-11 08:12:31,388 - INFO - Reference(override): \u03c4 = -1.307 ms, \u03b8 = -18.68°
2026-02-11 08:12:31,388 - INFO - ======================================================================
2026-02-11 08:12:31,388 - INFO - 
GCC-PHAT:
2026-02-11 08:12:31,388 - INFO - ------------------------------------------------------------
2026-02-11 08:12:31,388 - INFO - Pairing         \u03c4 (ms)       \u03b8 (°)      \u03b8_err      PSR (dB)  
2026-02-11 08:12:31,388 - INFO - ------------------------------------------------------------
2026-02-11 08:12:31,388 - INFO - MicL-MicR       -1.548 ± 0.000  -22.3     3.6      4.0
2026-02-11 08:12:31,389 - INFO - Raw_LDV         -1.229 ± 0.006  -17.5     1.1      -2.9
2026-02-11 08:12:31,389 - INFO - Random_LDV      -1.548 ± 0.041  -22.3     3.6      2.8
2026-02-11 08:12:31,389 - INFO - OMP_LDV         -1.549 ± 0.041  -22.3     3.6      2.8
2026-02-11 08:12:31,389 - INFO - 
CC:
2026-02-11 08:12:31,389 - INFO - ------------------------------------------------------------
2026-02-11 08:12:31,389 - INFO - Pairing         \u03c4 (ms)       \u03b8 (°)      \u03b8_err      PSR (dB)  
2026-02-11 08:12:31,389 - INFO - ------------------------------------------------------------
2026-02-11 08:12:31,389 - INFO - MicL-MicR       -5.083 ± 0.010  -90.0     71.3      0.6
2026-02-11 08:12:31,390 - INFO - Raw_LDV         +8.771 ± 1.880  +90.0     108.7      1.5
2026-02-11 08:12:31,390 - INFO - Random_LDV      +5.729 ± 2.735  +90.0     108.7      1.5
2026-02-11 08:12:31,390 - INFO - OMP_LDV         +5.729 ± 2.735  +90.0     108.7      1.5
2026-02-11 08:12:31,390 - INFO - 
NCC:
2026-02-11 08:12:31,390 - INFO - ------------------------------------------------------------
2026-02-11 08:12:31,390 - INFO - Pairing         \u03c4 (ms)       \u03b8 (°)      \u03b8_err      PSR (dB)  
2026-02-11 08:12:31,390 - INFO - ------------------------------------------------------------
2026-02-11 08:12:31,390 - INFO - MicL-MicR       -5.083 ± 0.010  -90.0     71.3      0.5
2026-02-11 08:12:31,390 - INFO - Raw_LDV         +4.958 ± 1.888  +90.0     108.7      1.7
2026-02-11 08:12:31,391 - INFO - Random_LDV      +2.062 ± 2.911  +30.4     49.0      1.7
2026-02-11 08:12:31,391 - INFO - OMP_LDV         +2.062 ± 2.911  +30.4     49.0      1.7
2026-02-11 08:12:31,391 - INFO - 
MUSIC:
2026-02-11 08:12:31,391 - INFO - ------------------------------------------------------------
2026-02-11 08:12:31,391 - INFO - Pairing         \u03c4 (ms)       \u03b8 (°)      \u03b8_err      PSR (dB)  
2026-02-11 08:12:31,391 - INFO - ------------------------------------------------------------
2026-02-11 08:12:31,391 - INFO - MicL-MicR       +1.652 ± 5.078  +23.9     57.4      0.0
2026-02-11 08:12:31,391 - INFO - Raw_LDV         +7.377 ± 7.186  +90.0     108.7      0.0
2026-02-11 08:12:31,392 - INFO - Random_LDV      -0.430 ± 3.893  -6.1     25.3      0.0
2026-02-11 08:12:31,392 - INFO - OMP_LDV         -0.430 ± 3.266  -6.1     25.3      0.0
2026-02-11 08:12:31,392 - INFO - 
======================================================================
2026-02-11 08:12:31,392 - INFO - Pass Conditions:
2026-02-11 08:12:31,392 - INFO - ======================================================================
2026-02-11 08:12:31,392 - INFO - GCC-PHAT: OMP \u03b8_err=3.6° (Raw=1.1°) \u2717 FAIL
2026-02-11 08:12:31,392 - INFO - CC: OMP \u03b8_err=108.7° (Raw=108.7°) \u2717 FAIL
2026-02-11 08:12:31,392 - INFO - NCC: OMP \u03b8_err=49.0° (Raw=108.7°) \u2717 FAIL
2026-02-11 08:12:31,392 - INFO - MUSIC: OMP \u03b8_err=25.3° (Raw=108.7°) \u2717 FAIL
2026-02-11 08:12:31,392 - INFO - ------------------------------------------------------------
2026-02-11 08:12:31,392 - INFO - OVERALL: \u2717 FAILED (0/4 methods)
2026-02-11 08:12:31,392 - INFO - ======================================================================
2026-02-11 08:12:31,396 - INFO - 
Results saved to: results\stage4_speech_chirp_tau0p3_band0_20260211_072624\22-0.1V\summary.json
