2026-02-11 07:47:14,753 - INFO - ======================================================================
2026-02-11 07:47:14,753 - INFO - Stage 4: DoA Multi-Method Validation
2026-02-11 07:47:14,753 - INFO - ======================================================================
2026-02-11 07:47:14,753 - INFO - Speaker: 19-0.1V
2026-02-11 07:47:14,753 - INFO - Geometry Truth:  \u03c4 = 0.759 ms, \u03b8 = 10.71°
2026-02-11 07:47:14,753 - INFO - Reference(geometry): \u03c4 = 0.759 ms, \u03b8 = 10.71°
2026-02-11 07:47:14,753 - INFO - Distances: d_left = 2.283 m, d_right = 2.022 m
2026-02-11 07:47:14,753 - INFO - 
Loading audio files...
2026-02-11 07:47:16,152 - INFO - Sample rate: 48000 Hz
2026-02-11 07:47:16,152 - INFO - Duration: 1047.04 s
2026-02-11 07:48:21,264 - INFO - 
Evaluating 5 segments...
2026-02-11 07:48:21,264 - INFO -   Segment 1/5: center_t=126.00s
2026-02-11 07:48:24,950 - INFO -   Segment 2/5: center_t=194.00s
2026-02-11 07:48:28,611 - INFO -   Segment 3/5: center_t=349.00s
2026-02-11 07:48:32,307 - INFO -   Segment 4/5: center_t=506.00s
2026-02-11 07:48:36,001 - INFO -   Segment 5/5: center_t=570.00s
2026-02-11 07:48:39,674 - INFO - 
======================================================================
2026-02-11 07:48:39,674 - INFO - Stage 4 Results: Speaker 19-0.1V
2026-02-11 07:48:39,674 - INFO - Geometry Truth:  \u03c4 = 0.759 ms, \u03b8 = 10.71°
2026-02-11 07:48:39,674 - INFO - Reference(geometry): \u03c4 = 0.759 ms, \u03b8 = 10.71°
2026-02-11 07:48:39,675 - INFO - ======================================================================
2026-02-11 07:48:39,675 - INFO - 
GCC-PHAT:
2026-02-11 07:48:39,675 - INFO - ------------------------------------------------------------
2026-02-11 07:48:39,675 - INFO - Pairing         \u03c4 (ms)       \u03b8 (°)      \u03b8_err      PSR (dB)  
2026-02-11 07:48:39,675 - INFO - ------------------------------------------------------------
2026-02-11 07:48:39,675 - INFO - MicL-MicR       +0.730 ± 0.037  +10.3     0.7      -11.2
2026-02-11 07:48:39,675 - INFO - Raw_LDV         +0.622 ± 0.228  +8.8     3.8      -6.3
2026-02-11 07:48:39,675 - INFO - Random_LDV      +0.623 ± 0.099  +8.8     1.9      -1.5
2026-02-11 07:48:39,675 - INFO - OMP_LDV         +0.623 ± 0.098  +8.8     1.9      -1.4
2026-02-11 07:48:39,675 - INFO - 
CC:
2026-02-11 07:48:39,675 - INFO - ------------------------------------------------------------
2026-02-11 07:48:39,675 - INFO - Pairing         \u03c4 (ms)       \u03b8 (°)      \u03b8_err      PSR (dB)  
2026-02-11 07:48:39,675 - INFO - ------------------------------------------------------------
2026-02-11 07:48:39,675 - INFO - MicL-MicR       -1.750 ± 0.010  -25.4     36.1      3.7
2026-02-11 07:48:39,675 - INFO - Raw_LDV         +8.771 ± 0.008  +90.0     79.3      2.9
2026-02-11 07:48:39,675 - INFO - Random_LDV      +8.771 ± 0.016  +90.0     79.3      3.1
2026-02-11 07:48:39,675 - INFO - OMP_LDV         +8.771 ± 0.016  +90.0     79.3      3.1
2026-02-11 07:48:39,675 - INFO - 
NCC:
2026-02-11 07:48:39,675 - INFO - ------------------------------------------------------------
2026-02-11 07:48:39,675 - INFO - Pairing         \u03c4 (ms)       \u03b8 (°)      \u03b8_err      PSR (dB)  
2026-02-11 07:48:39,675 - INFO - ------------------------------------------------------------
2026-02-11 07:48:39,678 - INFO - MicL-MicR       -1.750 ± 0.010  -25.4     36.1      3.7
2026-02-11 07:48:39,678 - INFO - Raw_LDV         +8.771 ± 0.008  +90.0     79.3      2.9
2026-02-11 07:48:39,679 - INFO - Random_LDV      +8.771 ± 0.016  +90.0     79.3      3.1
2026-02-11 07:48:39,679 - INFO - OMP_LDV         +8.771 ± 0.016  +90.0     79.3      3.1
2026-02-11 07:48:39,679 - INFO - 
MUSIC:
2026-02-11 07:48:39,679 - INFO - ------------------------------------------------------------
2026-02-11 07:48:39,679 - INFO - Pairing         \u03c4 (ms)       \u03b8 (°)      \u03b8_err      PSR (dB)  
2026-02-11 07:48:39,679 - INFO - ------------------------------------------------------------
2026-02-11 07:48:39,679 - INFO - MicL-MicR       -8.979 ± 7.690  -90.0     100.7      1.1
2026-02-11 07:48:39,679 - INFO - Raw_LDV         +2.072 ± 4.997  +30.5     46.2      0.2
2026-02-11 07:48:39,679 - INFO - Random_LDV      +7.397 ± 5.043  +90.0     79.3      0.3
2026-02-11 07:48:39,680 - INFO - OMP_LDV         -1.471 ± 4.945  -21.1     64.5      0.2
2026-02-11 07:48:39,680 - INFO - 
======================================================================
2026-02-11 07:48:39,680 - INFO - Pass Conditions:
2026-02-11 07:48:39,680 - INFO - ======================================================================
2026-02-11 07:48:39,680 - INFO - GCC-PHAT: OMP \u03b8_err=1.9° (Raw=3.8°) \u2713 PASS
2026-02-11 07:48:39,680 - INFO - CC: OMP \u03b8_err=79.3° (Raw=79.3°) \u2717 FAIL
2026-02-11 07:48:39,680 - INFO - NCC: OMP \u03b8_err=79.3° (Raw=79.3°) \u2717 FAIL
2026-02-11 07:48:39,680 - INFO - MUSIC: OMP \u03b8_err=64.5° (Raw=46.2°) \u2717 FAIL
2026-02-11 07:48:39,680 - INFO - ------------------------------------------------------------
2026-02-11 07:48:39,680 - INFO - OVERALL: \u2717 FAILED (1/4 methods)
2026-02-11 07:48:39,680 - INFO - ======================================================================
2026-02-11 07:48:39,684 - INFO - 
Results saved to: results\stage4_speech_geometry_tau0p3_band500_2000_20260211_072624\19-0.1V\summary.json
