2026-02-11 08:08:55,268 - INFO - ======================================================================
2026-02-11 08:08:55,268 - INFO - Stage 4: DoA Multi-Method Validation
2026-02-11 08:08:55,268 - INFO - ======================================================================
2026-02-11 08:08:55,268 - INFO - Speaker: 20-0.1V
2026-02-11 08:08:55,268 - INFO - Geometry Truth:  \u03c4 = 0.000 ms, \u03b8 = 0.00°
2026-02-11 08:08:55,268 - INFO - Reference(override): \u03c4 = 0.222 ms, \u03b8 = 3.12°
2026-02-11 08:08:55,268 - INFO - Distances: d_left = 2.119 m, d_right = 2.119 m
2026-02-11 08:08:55,268 - INFO - 
Loading audio files...
2026-02-11 08:08:56,665 - INFO - Sample rate: 48000 Hz
2026-02-11 08:08:56,665 - INFO - Duration: 1044.65 s
2026-02-11 08:09:49,124 - INFO - 
Evaluating 5 segments...
2026-02-11 08:09:49,124 - INFO -   Segment 1/5: center_t=171.00s
2026-02-11 08:09:52,544 - INFO -   Segment 2/5: center_t=225.00s
2026-02-11 08:09:56,031 - INFO -   Segment 3/5: center_t=374.00s
2026-02-11 08:09:59,742 - INFO -   Segment 4/5: center_t=384.00s
2026-02-11 08:10:03,437 - INFO -   Segment 5/5: center_t=553.00s
2026-02-11 08:10:07,064 - INFO - 
======================================================================
2026-02-11 08:10:07,064 - INFO - Stage 4 Results: Speaker 20-0.1V
2026-02-11 08:10:07,064 - INFO - Geometry Truth:  \u03c4 = 0.000 ms, \u03b8 = 0.00°
2026-02-11 08:10:07,064 - INFO - Reference(override): \u03c4 = 0.222 ms, \u03b8 = 3.12°
2026-02-11 08:10:07,064 - INFO - ======================================================================
2026-02-11 08:10:07,064 - INFO - 
GCC-PHAT:
2026-02-11 08:10:07,064 - INFO - ------------------------------------------------------------
2026-02-11 08:10:07,064 - INFO - Pairing         \u03c4 (ms)       \u03b8 (°)      \u03b8_err      PSR (dB)  
2026-02-11 08:10:07,064 - INFO - ------------------------------------------------------------
2026-02-11 08:10:07,064 - INFO - MicL-MicR       +0.210 ± 0.000  +3.0     0.2      -17.3
2026-02-11 08:10:07,065 - INFO - Raw_LDV         +0.000 ± 0.049  +0.0     3.1      -5.4
2026-02-11 08:10:07,065 - INFO - Random_LDV      +0.015 ± 0.079  +0.2     2.9      -4.4
2026-02-11 08:10:07,065 - INFO - OMP_LDV         +0.014 ± 0.079  +0.2     2.9      -4.3
2026-02-11 08:10:07,065 - INFO - 
CC:
2026-02-11 08:10:07,065 - INFO - ------------------------------------------------------------
2026-02-11 08:10:07,065 - INFO - Pairing         \u03c4 (ms)       \u03b8 (°)      \u03b8_err      PSR (dB)  
2026-02-11 08:10:07,065 - INFO - ------------------------------------------------------------
2026-02-11 08:10:07,065 - INFO - MicL-MicR       -1.708 ± 3.317  -24.7     27.9      0.2
2026-02-11 08:10:07,065 - INFO - Raw_LDV         -7.708 ± 0.050  -90.0     93.1      0.6
2026-02-11 08:10:07,065 - INFO - Random_LDV      -2.729 ± 4.230  -42.0     45.5      0.3
2026-02-11 08:10:07,065 - INFO - OMP_LDV         -2.750 ± 4.231  -42.4     45.5      0.3
2026-02-11 08:10:07,065 - INFO - 
NCC:
2026-02-11 08:10:07,065 - INFO - ------------------------------------------------------------
2026-02-11 08:10:07,065 - INFO - Pairing         \u03c4 (ms)       \u03b8 (°)      \u03b8_err      PSR (dB)  
2026-02-11 08:10:07,065 - INFO - ------------------------------------------------------------
2026-02-11 08:10:07,065 - INFO - MicL-MicR       -1.708 ± 3.317  -24.7     27.9      0.2
2026-02-11 08:10:07,065 - INFO - Raw_LDV         -7.708 ± 0.050  -90.0     93.1      0.6
2026-02-11 08:10:07,065 - INFO - Random_LDV      -2.604 ± 3.597  -39.6     45.1      0.3
2026-02-11 08:10:07,065 - INFO - OMP_LDV         -2.604 ± 3.600  -39.6     45.5      0.3
2026-02-11 08:10:07,065 - INFO - 
MUSIC:
2026-02-11 08:10:07,065 - INFO - ------------------------------------------------------------
2026-02-11 08:10:07,065 - INFO - Pairing         \u03c4 (ms)       \u03b8 (°)      \u03b8_err      PSR (dB)  
2026-02-11 08:10:07,065 - INFO - ------------------------------------------------------------
2026-02-11 08:10:07,065 - INFO - MicL-MicR       +1.652 ± 6.138  +23.9     40.1      1.0
2026-02-11 08:10:07,065 - INFO - Raw_LDV         +6.236 ± 2.709  +90.0     86.9      0.0
2026-02-11 08:10:07,068 - INFO - Random_LDV      -9.319 ± 4.297  -90.0     93.1      0.4
2026-02-11 08:10:07,068 - INFO - OMP_LDV         -5.556 ± 3.529  -90.0     93.1      0.4
2026-02-11 08:10:07,068 - INFO - 
======================================================================
2026-02-11 08:10:07,068 - INFO - Pass Conditions:
2026-02-11 08:10:07,068 - INFO - ======================================================================
2026-02-11 08:10:07,068 - INFO - GCC-PHAT: OMP \u03b8_err=2.9° (Raw=3.1°) \u2713 PASS
2026-02-11 08:10:07,068 - INFO - CC: OMP \u03b8_err=45.5° (Raw=93.1°) \u2717 FAIL
2026-02-11 08:10:07,068 - INFO - NCC: OMP \u03b8_err=45.5° (Raw=93.1°) \u2717 FAIL
2026-02-11 08:10:07,068 - INFO - MUSIC: OMP \u03b8_err=93.1° (Raw=86.9°) \u2717 FAIL
2026-02-11 08:10:07,068 - INFO - ------------------------------------------------------------
2026-02-11 08:10:07,068 - INFO - OVERALL: \u2717 FAILED (1/4 methods)
2026-02-11 08:10:07,068 - INFO - ======================================================================
2026-02-11 08:10:07,072 - INFO - 
Results saved to: results\stage4_speech_chirp_tau0p3_band0_20260211_072624\20-0.1V\summary.json
