2026-02-11 07:42:04,075 - INFO - ======================================================================
2026-02-11 07:42:04,075 - INFO - Stage 4: DoA Multi-Method Validation
2026-02-11 07:42:04,080 - INFO - ======================================================================
2026-02-11 07:42:04,080 - INFO - Speaker: 20-0.1V
2026-02-11 07:42:04,080 - INFO - Geometry Truth:  \u03c4 = 0.000 ms, \u03b8 = 0.00°
2026-02-11 07:42:04,080 - INFO - Reference(geometry): \u03c4 = 0.000 ms, \u03b8 = 0.00°
2026-02-11 07:42:04,080 - INFO - Distances: d_left = 2.119 m, d_right = 2.119 m
2026-02-11 07:42:04,080 - INFO - 
Loading audio files...
2026-02-11 07:42:05,443 - INFO - Sample rate: 48000 Hz
2026-02-11 07:42:05,443 - INFO - Duration: 1044.65 s
2026-02-11 07:42:58,289 - INFO - 
Evaluating 5 segments...
2026-02-11 07:42:58,289 - INFO -   Segment 1/5: center_t=235.00s
2026-02-11 07:43:01,748 - INFO -   Segment 2/5: center_t=317.00s
2026-02-11 07:43:05,261 - INFO -   Segment 3/5: center_t=370.00s
2026-02-11 07:43:09,016 - INFO -   Segment 4/5: center_t=375.00s
2026-02-11 07:43:12,762 - INFO -   Segment 5/5: center_t=590.00s
2026-02-11 07:43:16,518 - INFO - 
======================================================================
2026-02-11 07:43:16,518 - INFO - Stage 4 Results: Speaker 20-0.1V
2026-02-11 07:43:16,518 - INFO - Geometry Truth:  \u03c4 = 0.000 ms, \u03b8 = 0.00°
2026-02-11 07:43:16,518 - INFO - Reference(geometry): \u03c4 = 0.000 ms, \u03b8 = 0.00°
2026-02-11 07:43:16,518 - INFO - ======================================================================
2026-02-11 07:43:16,518 - INFO - 
GCC-PHAT:
2026-02-11 07:43:16,518 - INFO - ------------------------------------------------------------
2026-02-11 07:43:16,518 - INFO - Pairing         \u03c4 (ms)       \u03b8 (°)      \u03b8_err      PSR (dB)  
2026-02-11 07:43:16,518 - INFO - ------------------------------------------------------------
2026-02-11 07:43:16,518 - INFO - MicL-MicR       -0.002 ± 0.000  -0.0     0.0      -6.7
2026-02-11 07:43:16,518 - INFO - Raw_LDV         -0.066 ± 0.033  -0.9     0.9      -3.9
2026-02-11 07:43:16,518 - INFO - Random_LDV      +0.016 ± 0.072  +0.2     0.2      -2.9
2026-02-11 07:43:16,518 - INFO - OMP_LDV         +0.016 ± 0.072  +0.2     0.2      -3.1
2026-02-11 07:43:16,518 - INFO - 
CC:
2026-02-11 07:43:16,518 - INFO - ------------------------------------------------------------
2026-02-11 07:43:16,518 - INFO - Pairing         \u03c4 (ms)       \u03b8 (°)      \u03b8_err      PSR (dB)  
2026-02-11 07:43:16,518 - INFO - ------------------------------------------------------------
2026-02-11 07:43:16,518 - INFO - MicL-MicR       -1.708 ± 3.227  -24.7     24.7      0.4
2026-02-11 07:43:16,522 - INFO - Raw_LDV         -7.688 ± 1.205  -90.0     90.0      0.7
2026-02-11 07:43:16,522 - INFO - Random_LDV      -2.500 ± 4.528  -37.8     40.8      0.4
2026-02-11 07:43:16,522 - INFO - OMP_LDV         -2.500 ± 4.528  -37.8     40.8      0.4
2026-02-11 07:43:16,522 - INFO - 
NCC:
2026-02-11 07:43:16,522 - INFO - ------------------------------------------------------------
2026-02-11 07:43:16,522 - INFO - Pairing         \u03c4 (ms)       \u03b8 (°)      \u03b8_err      PSR (dB)  
2026-02-11 07:43:16,522 - INFO - ------------------------------------------------------------
2026-02-11 07:43:16,522 - INFO - MicL-MicR       -1.708 ± 3.227  -24.7     24.7      0.4
2026-02-11 07:43:16,522 - INFO - Raw_LDV         -7.729 ± 0.340  -90.0     90.0      0.7
2026-02-11 07:43:16,523 - INFO - Random_LDV      -2.500 ± 4.528  -37.8     40.8      0.4
2026-02-11 07:43:16,523 - INFO - OMP_LDV         -2.500 ± 4.528  -37.8     40.8      0.4
2026-02-11 07:43:16,523 - INFO - 
MUSIC:
2026-02-11 07:43:16,523 - INFO - ------------------------------------------------------------
2026-02-11 07:43:16,523 - INFO - Pairing         \u03c4 (ms)       \u03b8 (°)      \u03b8_err      PSR (dB)  
2026-02-11 07:43:16,523 - INFO - ------------------------------------------------------------
2026-02-11 07:43:16,523 - INFO - MicL-MicR       -8.979 ± 7.693  -90.0     90.0      0.5
2026-02-11 07:43:16,523 - INFO - Raw_LDV         -2.292 ± 4.922  -34.2     34.5      0.1
2026-02-11 07:43:16,524 - INFO - Random_LDV      -8.779 ± 4.496  -90.0     90.0      0.4
2026-02-11 07:43:16,524 - INFO - OMP_LDV         -1.852 ± 3.537  -27.0     27.0      0.1
2026-02-11 07:43:16,524 - INFO - 
======================================================================
2026-02-11 07:43:16,524 - INFO - Pass Conditions:
2026-02-11 07:43:16,524 - INFO - ======================================================================
2026-02-11 07:43:16,524 - INFO - GCC-PHAT: OMP \u03b8_err=0.2° (Raw=0.9°) \u2713 PASS
2026-02-11 07:43:16,524 - INFO - CC: OMP \u03b8_err=40.8° (Raw=90.0°) \u2717 FAIL
2026-02-11 07:43:16,524 - INFO - NCC: OMP \u03b8_err=40.8° (Raw=90.0°) \u2717 FAIL
2026-02-11 07:43:16,525 - INFO - MUSIC: OMP \u03b8_err=27.0° (Raw=34.5°) \u2717 FAIL
2026-02-11 07:43:16,525 - INFO - ------------------------------------------------------------
2026-02-11 07:43:16,525 - INFO - OVERALL: \u2717 FAILED (1/4 methods)
2026-02-11 07:43:16,525 - INFO - ======================================================================
2026-02-11 07:43:16,528 - INFO - 
Results saved to: results\stage4_speech_geometry_tau0p3_band0_20260211_072624\20-0.1V\summary.json
