2026-02-11 07:30:06,040 - INFO - ======================================================================
2026-02-11 07:30:06,040 - INFO - Stage 4: DoA Multi-Method Validation
2026-02-11 07:30:06,040 - INFO - ======================================================================
2026-02-11 07:30:06,040 - INFO - Speaker: 21-0.1V
2026-02-11 07:30:06,040 - INFO - Geometry Truth:  \u03c4 = -0.759 ms, \u03b8 = -10.71°
2026-02-11 07:30:06,040 - INFO - Reference(geometry): \u03c4 = -0.759 ms, \u03b8 = -10.71°
2026-02-11 07:30:06,040 - INFO - Distances: d_left = 2.022 m, d_right = 2.283 m
2026-02-11 07:30:06,040 - INFO - 
Loading audio files...
2026-02-11 07:30:07,425 - INFO - Sample rate: 48000 Hz
2026-02-11 07:30:07,426 - INFO - Duration: 1043.97 s
2026-02-11 07:31:00,301 - INFO - 
Evaluating 5 segments...
2026-02-11 07:31:00,301 - INFO -   Segment 1/5: center_t=125.00s
2026-02-11 07:31:03,772 - INFO -   Segment 2/5: center_t=244.00s
2026-02-11 07:31:07,213 - INFO -   Segment 3/5: center_t=288.00s
2026-02-11 07:31:10,716 - INFO -   Segment 4/5: center_t=315.00s
2026-02-11 07:31:14,411 - INFO -   Segment 5/5: center_t=331.00s
2026-02-11 07:31:18,143 - INFO - 
======================================================================
2026-02-11 07:31:18,144 - INFO - Stage 4 Results: Speaker 21-0.1V
2026-02-11 07:31:18,144 - INFO - Geometry Truth:  \u03c4 = -0.759 ms, \u03b8 = -10.71°
2026-02-11 07:31:18,144 - INFO - Reference(geometry): \u03c4 = -0.759 ms, \u03b8 = -10.71°
2026-02-11 07:31:18,144 - INFO - ======================================================================
2026-02-11 07:31:18,144 - INFO - 
GCC-PHAT:
2026-02-11 07:31:18,144 - INFO - ------------------------------------------------------------
2026-02-11 07:31:18,144 - INFO - Pairing         \u03c4 (ms)       \u03b8 (°)      \u03b8_err      PSR (dB)  
2026-02-11 07:31:18,144 - INFO - ------------------------------------------------------------
2026-02-11 07:31:18,144 - INFO - MicL-MicR       -0.986 ± 0.001  -14.0     3.3      -0.8
2026-02-11 07:31:18,144 - INFO - Raw_LDV         -0.919 ± 0.121  -13.0     2.3      -8.3
2026-02-11 07:31:18,145 - INFO - Random_LDV      -1.022 ± 0.160  -14.5     3.8      0.7
2026-02-11 07:31:18,145 - INFO - OMP_LDV         -1.022 ± 0.160  -14.5     3.8      0.7
2026-02-11 07:31:18,145 - INFO - 
CC:
2026-02-11 07:31:18,145 - INFO - ------------------------------------------------------------
2026-02-11 07:31:18,145 - INFO - Pairing         \u03c4 (ms)       \u03b8 (°)      \u03b8_err      PSR (dB)  
2026-02-11 07:31:18,145 - INFO - ------------------------------------------------------------
2026-02-11 07:31:18,145 - INFO - MicL-MicR       -1.688 ± 3.108  -24.4     13.7      0.1
2026-02-11 07:31:18,145 - INFO - Raw_LDV         +1.625 ± 5.799  +23.5     79.3      0.6
2026-02-11 07:31:18,145 - INFO - Random_LDV      -1.417 ± 5.803  -20.3     79.3      0.6
2026-02-11 07:31:18,146 - INFO - OMP_LDV         -1.417 ± 5.803  -20.3     79.3      0.6
2026-02-11 07:31:18,146 - INFO - 
NCC:
2026-02-11 07:31:18,146 - INFO - ------------------------------------------------------------
2026-02-11 07:31:18,146 - INFO - Pairing         \u03c4 (ms)       \u03b8 (°)      \u03b8_err      PSR (dB)  
2026-02-11 07:31:18,146 - INFO - ------------------------------------------------------------
2026-02-11 07:31:18,146 - INFO - MicL-MicR       -1.688 ± 2.533  -24.4     13.7      0.1
2026-02-11 07:31:18,146 - INFO - Raw_LDV         +1.625 ± 5.799  +23.5     79.3      0.5
2026-02-11 07:31:18,146 - INFO - Random_LDV      -1.417 ± 5.803  -20.3     79.3      0.5
2026-02-11 07:31:18,146 - INFO - OMP_LDV         -1.417 ± 5.803  -20.3     79.3      0.5
2026-02-11 07:31:18,146 - INFO - 
MUSIC:
2026-02-11 07:31:18,146 - INFO - ------------------------------------------------------------
2026-02-11 07:31:18,146 - INFO - Pairing         \u03c4 (ms)       \u03b8 (°)      \u03b8_err      PSR (dB)  
2026-02-11 07:31:18,146 - INFO - ------------------------------------------------------------
2026-02-11 07:31:18,146 - INFO - MicL-MicR       -8.979 ± 6.029  -90.0     79.3      0.3
2026-02-11 07:31:18,146 - INFO - Raw_LDV         +8.358 ± 5.070  +90.0     100.7      0.5
2026-02-11 07:31:18,146 - INFO - Random_LDV      -0.230 ± 1.538  -3.2     7.5      0.6
2026-02-11 07:31:18,146 - INFO - OMP_LDV         -0.230 ± 0.010  -3.2     7.5      1.3
2026-02-11 07:31:18,146 - INFO - 
======================================================================
2026-02-11 07:31:18,146 - INFO - Pass Conditions:
2026-02-11 07:31:18,146 - INFO - ======================================================================
2026-02-11 07:31:18,146 - INFO - GCC-PHAT: OMP \u03b8_err=3.8° (Raw=2.3°) \u2717 FAIL
2026-02-11 07:31:18,146 - INFO - CC: OMP \u03b8_err=79.3° (Raw=79.3°) \u2717 FAIL
2026-02-11 07:31:18,146 - INFO - NCC: OMP \u03b8_err=79.3° (Raw=79.3°) \u2717 FAIL
2026-02-11 07:31:18,146 - INFO - MUSIC: OMP \u03b8_err=7.5° (Raw=100.7°) \u2717 FAIL
2026-02-11 07:31:18,146 - INFO - ------------------------------------------------------------
2026-02-11 07:31:18,146 - INFO - OVERALL: \u2717 FAILED (0/4 methods)
2026-02-11 07:31:18,146 - INFO - ======================================================================
2026-02-11 07:31:18,149 - INFO - 
Results saved to: results\stage4_speech_geometry_tau2_band0_20260211_072624\21-0.1V\summary.json
