2026-02-11 08:12:38,377 - INFO - ======================================================================
2026-02-11 08:12:38,377 - INFO - Stage 4: DoA Multi-Method Validation
2026-02-11 08:12:38,377 - INFO - ======================================================================
2026-02-11 08:12:38,377 - INFO - Speaker: 18-0.1V
2026-02-11 08:12:38,378 - INFO - Geometry Truth:  \u03c4 = 1.450 ms, \u03b8 = 20.82°
2026-02-11 08:12:38,378 - INFO - Reference(override): \u03c4 = 1.586 ms, \u03b8 = 22.86°
2026-02-11 08:12:38,378 - INFO - Distances: d_left = 2.500 m, d_right = 2.002 m
2026-02-11 08:12:38,378 - INFO - 
Loading audio files...
2026-02-11 08:12:39,764 - INFO - Sample rate: 48000 Hz
2026-02-11 08:12:39,764 - INFO - Duration: 1043.97 s
2026-02-11 08:13:45,482 - INFO - 
Evaluating 5 segments...
2026-02-11 08:13:45,482 - INFO -   Segment 1/5: center_t=189.00s
2026-02-11 08:13:49,444 - INFO -   Segment 2/5: center_t=340.00s
2026-02-11 08:13:53,193 - INFO -   Segment 3/5: center_t=381.00s
2026-02-11 08:13:57,010 - INFO -   Segment 4/5: center_t=513.00s
2026-02-11 08:14:00,711 - INFO -   Segment 5/5: center_t=583.00s
2026-02-11 08:14:04,492 - INFO - 
======================================================================
2026-02-11 08:14:04,493 - INFO - Stage 4 Results: Speaker 18-0.1V
2026-02-11 08:14:04,493 - INFO - Geometry Truth:  \u03c4 = 1.450 ms, \u03b8 = 20.82°
2026-02-11 08:14:04,493 - INFO - Reference(override): \u03c4 = 1.586 ms, \u03b8 = 22.86°
2026-02-11 08:14:04,493 - INFO - ======================================================================
2026-02-11 08:14:04,493 - INFO - 
GCC-PHAT:
2026-02-11 08:14:04,493 - INFO - ------------------------------------------------------------
2026-02-11 08:14:04,493 - INFO - Pairing         \u03c4 (ms)       \u03b8 (°)      \u03b8_err      PSR (dB)  
2026-02-11 08:14:04,493 - INFO - ------------------------------------------------------------
2026-02-11 08:14:04,493 - INFO - MicL-MicR       +1.577 ± 0.006  +22.7     0.1      -12.5
2026-02-11 08:14:04,493 - INFO - Raw_LDV         +1.556 ± 0.095  +22.4     0.4      -29.8
2026-02-11 08:14:04,493 - INFO - Random_LDV      +1.574 ± 0.203  +22.7     0.3      -35.9
2026-02-11 08:14:04,494 - INFO - OMP_LDV         +1.572 ± 0.203  +22.6     0.4      -36.1
2026-02-11 08:14:04,494 - INFO - 
CC:
2026-02-11 08:14:04,494 - INFO - ------------------------------------------------------------
2026-02-11 08:14:04,494 - INFO - Pairing         \u03c4 (ms)       \u03b8 (°)      \u03b8_err      PSR (dB)  
2026-02-11 08:14:04,494 - INFO - ------------------------------------------------------------
2026-02-11 08:14:04,494 - INFO - MicL-MicR       -1.750 ± 0.008  -25.4     48.3      3.9
2026-02-11 08:14:04,494 - INFO - Raw_LDV         +8.750 ± 0.000  +90.0     67.1      2.1
2026-02-11 08:14:04,494 - INFO - Random_LDV      +8.750 ± 0.013  +90.0     67.1      2.2
2026-02-11 08:14:04,494 - INFO - OMP_LDV         +8.750 ± 0.013  +90.0     67.1      2.2
2026-02-11 08:14:04,494 - INFO - 
NCC:
2026-02-11 08:14:04,494 - INFO - ------------------------------------------------------------
2026-02-11 08:14:04,495 - INFO - Pairing         \u03c4 (ms)       \u03b8 (°)      \u03b8_err      PSR (dB)  
2026-02-11 08:14:04,495 - INFO - ------------------------------------------------------------
2026-02-11 08:14:04,495 - INFO - MicL-MicR       -1.750 ± 0.008  -25.4     48.3      3.9
2026-02-11 08:14:04,495 - INFO - Raw_LDV         +8.750 ± 0.000  +90.0     67.1      2.1
2026-02-11 08:14:04,496 - INFO - Random_LDV      +8.750 ± 0.013  +90.0     67.1      2.2
2026-02-11 08:14:04,496 - INFO - OMP_LDV         +8.750 ± 0.013  +90.0     67.1      2.2
2026-02-11 08:14:04,496 - INFO - 
MUSIC:
2026-02-11 08:14:04,496 - INFO - ------------------------------------------------------------
2026-02-11 08:14:04,496 - INFO - Pairing         \u03c4 (ms)       \u03b8 (°)      \u03b8_err      PSR (dB)  
2026-02-11 08:14:04,496 - INFO - ------------------------------------------------------------
2026-02-11 08:14:04,496 - INFO - MicL-MicR       -1.612 ± 6.909  -23.3     67.1      0.0
2026-02-11 08:14:04,496 - INFO - Raw_LDV         -1.672 ± 3.590  -24.2     47.0      0.0
2026-02-11 08:14:04,496 - INFO - Random_LDV      +2.012 ± 3.311  +29.5     38.4      0.5
2026-02-11 08:14:04,497 - INFO - OMP_LDV         +3.473 ± 4.306  +58.3     56.4      0.4
2026-02-11 08:14:04,497 - INFO - 
======================================================================
2026-02-11 08:14:04,497 - INFO - Pass Conditions:
2026-02-11 08:14:04,497 - INFO - ======================================================================
2026-02-11 08:14:04,497 - INFO - GCC-PHAT: OMP \u03b8_err=0.4° (Raw=0.4°) \u2713 PASS
2026-02-11 08:14:04,497 - INFO - CC: OMP \u03b8_err=67.1° (Raw=67.1°) \u2717 FAIL
2026-02-11 08:14:04,497 - INFO - NCC: OMP \u03b8_err=67.1° (Raw=67.1°) \u2717 FAIL
2026-02-11 08:14:04,497 - INFO - MUSIC: OMP \u03b8_err=56.4° (Raw=47.0°) \u2717 FAIL
2026-02-11 08:14:04,497 - INFO - ------------------------------------------------------------
2026-02-11 08:14:04,497 - INFO - OVERALL: \u2717 FAILED (1/4 methods)
2026-02-11 08:14:04,497 - INFO - ======================================================================
2026-02-11 08:14:04,501 - INFO - 
Results saved to: results\stage4_speech_chirp_tau0p3_band500_2000_20260211_072624\18-0.1V\summary.json
