2026-02-11 08:14:05,400 - INFO - ======================================================================
2026-02-11 08:14:05,400 - INFO - Stage 4: DoA Multi-Method Validation
2026-02-11 08:14:05,400 - INFO - ======================================================================
2026-02-11 08:14:05,400 - INFO - Speaker: 19-0.1V
2026-02-11 08:14:05,401 - INFO - Geometry Truth:  \u03c4 = 0.759 ms, \u03b8 = 10.71°
2026-02-11 08:14:05,401 - INFO - Reference(override): \u03c4 = 0.915 ms, \u03b8 = 12.95°
2026-02-11 08:14:05,401 - INFO - Distances: d_left = 2.283 m, d_right = 2.022 m
2026-02-11 08:14:05,401 - INFO - 
Loading audio files...
2026-02-11 08:14:06,754 - INFO - Sample rate: 48000 Hz
2026-02-11 08:14:06,754 - INFO - Duration: 1047.04 s
2026-02-11 08:15:10,925 - INFO - 
Evaluating 5 segments...
2026-02-11 08:15:10,925 - INFO -   Segment 1/5: center_t=154.00s
2026-02-11 08:15:14,550 - INFO -   Segment 2/5: center_t=232.00s
2026-02-11 08:15:18,210 - INFO -   Segment 3/5: center_t=338.00s
2026-02-11 08:15:21,846 - INFO -   Segment 4/5: center_t=471.00s
2026-02-11 08:15:25,562 - INFO -   Segment 5/5: center_t=593.00s
2026-02-11 08:15:29,282 - INFO - 
======================================================================
2026-02-11 08:15:29,282 - INFO - Stage 4 Results: Speaker 19-0.1V
2026-02-11 08:15:29,282 - INFO - Geometry Truth:  \u03c4 = 0.759 ms, \u03b8 = 10.71°
2026-02-11 08:15:29,282 - INFO - Reference(override): \u03c4 = 0.915 ms, \u03b8 = 12.95°
2026-02-11 08:15:29,282 - INFO - ======================================================================
2026-02-11 08:15:29,282 - INFO - 
GCC-PHAT:
2026-02-11 08:15:29,282 - INFO - ------------------------------------------------------------
2026-02-11 08:15:29,282 - INFO - Pairing         \u03c4 (ms)       \u03b8 (°)      \u03b8_err      PSR (dB)  
2026-02-11 08:15:29,282 - INFO - ------------------------------------------------------------
2026-02-11 08:15:29,282 - INFO - MicL-MicR       +0.915 ± 0.001  +13.0     0.0      -10.2
2026-02-11 08:15:29,282 - INFO - Raw_LDV         +1.101 ± 0.011  +15.6     2.7      -30.9
2026-02-11 08:15:29,285 - INFO - Random_LDV      +1.103 ± 0.202  +15.7     2.8      -27.8
2026-02-11 08:15:29,285 - INFO - OMP_LDV         +1.104 ± 0.201  +15.7     2.8      -28.1
2026-02-11 08:15:29,285 - INFO - 
CC:
2026-02-11 08:15:29,285 - INFO - ------------------------------------------------------------
2026-02-11 08:15:29,285 - INFO - Pairing         \u03c4 (ms)       \u03b8 (°)      \u03b8_err      PSR (dB)  
2026-02-11 08:15:29,285 - INFO - ------------------------------------------------------------
2026-02-11 08:15:29,285 - INFO - MicL-MicR       -1.729 ± 0.010  -25.1     38.0      4.0
2026-02-11 08:15:29,285 - INFO - Raw_LDV         +8.771 ± 0.013  +90.0     77.1      2.6
2026-02-11 08:15:29,285 - INFO - Random_LDV      +8.771 ± 0.016  +90.0     77.1      2.8
2026-02-11 08:15:29,285 - INFO - OMP_LDV         +8.771 ± 0.016  +90.0     77.1      2.8
2026-02-11 08:15:29,285 - INFO - 
NCC:
2026-02-11 08:15:29,285 - INFO - ------------------------------------------------------------
2026-02-11 08:15:29,285 - INFO - Pairing         \u03c4 (ms)       \u03b8 (°)      \u03b8_err      PSR (dB)  
2026-02-11 08:15:29,285 - INFO - ------------------------------------------------------------
2026-02-11 08:15:29,285 - INFO - MicL-MicR       -1.729 ± 0.010  -25.1     38.0      4.0
2026-02-11 08:15:29,287 - INFO - Raw_LDV         +8.771 ± 0.013  +90.0     77.1      2.6
2026-02-11 08:15:29,287 - INFO - Random_LDV      +8.771 ± 0.016  +90.0     77.1      2.8
2026-02-11 08:15:29,288 - INFO - OMP_LDV         +8.771 ± 0.016  +90.0     77.1      2.8
2026-02-11 08:15:29,288 - INFO - 
MUSIC:
2026-02-11 08:15:29,288 - INFO - ------------------------------------------------------------
2026-02-11 08:15:29,288 - INFO - Pairing         \u03c4 (ms)       \u03b8 (°)      \u03b8_err      PSR (dB)  
2026-02-11 08:15:29,288 - INFO - ------------------------------------------------------------
2026-02-11 08:15:29,288 - INFO - MicL-MicR       +1.672 ± 6.001  +24.2     11.5      0.3
2026-02-11 08:15:29,288 - INFO - Raw_LDV         +1.191 ± 5.039  +17.0     66.7      0.1
2026-02-11 08:15:29,288 - INFO - Random_LDV      +7.397 ± 5.340  +90.0     77.1      0.0
2026-02-11 08:15:29,289 - INFO - OMP_LDV         -2.372 ± 4.316  -35.5     48.5      0.5
2026-02-11 08:15:29,289 - INFO - 
======================================================================
2026-02-11 08:15:29,289 - INFO - Pass Conditions:
2026-02-11 08:15:29,289 - INFO - ======================================================================
2026-02-11 08:15:29,289 - INFO - GCC-PHAT: OMP \u03b8_err=2.8° (Raw=2.7°) \u2717 FAIL
2026-02-11 08:15:29,289 - INFO - CC: OMP \u03b8_err=77.1° (Raw=77.1°) \u2717 FAIL
2026-02-11 08:15:29,289 - INFO - NCC: OMP \u03b8_err=77.1° (Raw=77.1°) \u2717 FAIL
2026-02-11 08:15:29,289 - INFO - MUSIC: OMP \u03b8_err=48.5° (Raw=66.7°) \u2717 FAIL
2026-02-11 08:15:29,289 - INFO - ------------------------------------------------------------
2026-02-11 08:15:29,289 - INFO - OVERALL: \u2717 FAILED (0/4 methods)
2026-02-11 08:15:29,289 - INFO - ======================================================================
2026-02-11 08:15:29,293 - INFO - 
Results saved to: results\stage4_speech_chirp_tau0p3_band500_2000_20260211_072624\19-0.1V\summary.json
