2026-02-11 08:10:08,001 - INFO - ======================================================================
2026-02-11 08:10:08,001 - INFO - Stage 4: DoA Multi-Method Validation
2026-02-11 08:10:08,001 - INFO - ======================================================================
2026-02-11 08:10:08,001 - INFO - Speaker: 21-0.1V
2026-02-11 08:10:08,001 - INFO - Geometry Truth:  \u03c4 = -0.759 ms, \u03b8 = -10.71°
2026-02-11 08:10:08,001 - INFO - Reference(override): \u03c4 = -0.635 ms, \u03b8 = -8.96°
2026-02-11 08:10:08,001 - INFO - Distances: d_left = 2.022 m, d_right = 2.283 m
2026-02-11 08:10:08,001 - INFO - 
Loading audio files...
2026-02-11 08:10:09,355 - INFO - Sample rate: 48000 Hz
2026-02-11 08:10:09,355 - INFO - Duration: 1043.97 s
2026-02-11 08:11:01,856 - INFO - 
Evaluating 5 segments...
2026-02-11 08:11:01,856 - INFO -   Segment 1/5: center_t=101.00s
2026-02-11 08:11:05,276 - INFO -   Segment 2/5: center_t=269.00s
2026-02-11 08:11:08,678 - INFO -   Segment 3/5: center_t=279.00s
2026-02-11 08:11:12,163 - INFO -   Segment 4/5: center_t=358.00s
2026-02-11 08:11:15,732 - INFO -   Segment 5/5: center_t=397.00s
2026-02-11 08:11:19,435 - INFO - 
======================================================================
2026-02-11 08:11:19,435 - INFO - Stage 4 Results: Speaker 21-0.1V
2026-02-11 08:11:19,435 - INFO - Geometry Truth:  \u03c4 = -0.759 ms, \u03b8 = -10.71°
2026-02-11 08:11:19,436 - INFO - Reference(override): \u03c4 = -0.635 ms, \u03b8 = -8.96°
2026-02-11 08:11:19,436 - INFO - ======================================================================
2026-02-11 08:11:19,436 - INFO - 
GCC-PHAT:
2026-02-11 08:11:19,436 - INFO - ------------------------------------------------------------
2026-02-11 08:11:19,436 - INFO - Pairing         \u03c4 (ms)       \u03b8 (°)      \u03b8_err      PSR (dB)  
2026-02-11 08:11:19,436 - INFO - ------------------------------------------------------------
2026-02-11 08:11:19,436 - INFO - MicL-MicR       -0.478 ± 0.001  -6.7     2.2      -12.6
2026-02-11 08:11:19,436 - INFO - Raw_LDV         -0.920 ± 0.140  -13.0     4.1      -7.5
2026-02-11 08:11:19,436 - INFO - Random_LDV      -0.624 ± 0.025  -8.8     0.3      -0.6
2026-02-11 08:11:19,437 - INFO - OMP_LDV         -0.624 ± 0.024  -8.8     0.3      0.1
2026-02-11 08:11:19,437 - INFO - 
CC:
2026-02-11 08:11:19,437 - INFO - ------------------------------------------------------------
2026-02-11 08:11:19,437 - INFO - Pairing         \u03c4 (ms)       \u03b8 (°)      \u03b8_err      PSR (dB)  
2026-02-11 08:11:19,437 - INFO - ------------------------------------------------------------
2026-02-11 08:11:19,437 - INFO - MicL-MicR       -8.021 ± 3.501  -90.0     81.0      0.1
2026-02-11 08:11:19,437 - INFO - Raw_LDV         +9.479 ± 3.867  +90.0     99.0      0.7
2026-02-11 08:11:19,437 - INFO - Random_LDV      +6.438 ± 4.558  +90.0     99.0      0.4
2026-02-11 08:11:19,437 - INFO - OMP_LDV         +6.438 ± 4.563  +90.0     99.0      0.4
2026-02-11 08:11:19,438 - INFO - 
NCC:
2026-02-11 08:11:19,438 - INFO - ------------------------------------------------------------
2026-02-11 08:11:19,438 - INFO - Pairing         \u03c4 (ms)       \u03b8 (°)      \u03b8_err      PSR (dB)  
2026-02-11 08:11:19,438 - INFO - ------------------------------------------------------------
2026-02-11 08:11:19,438 - INFO - MicL-MicR       -8.021 ± 3.501  -90.0     81.0      0.1
2026-02-11 08:11:19,438 - INFO - Raw_LDV         +9.479 ± 3.867  +90.0     99.0      0.6
2026-02-11 08:11:19,438 - INFO - Random_LDV      +6.438 ± 4.558  +90.0     99.0      0.4
2026-02-11 08:11:19,438 - INFO - OMP_LDV         +6.438 ± 4.563  +90.0     99.0      0.4
2026-02-11 08:11:19,438 - INFO - 
MUSIC:
2026-02-11 08:11:19,438 - INFO - ------------------------------------------------------------
2026-02-11 08:11:19,439 - INFO - Pairing         \u03c4 (ms)       \u03b8 (°)      \u03b8_err      PSR (dB)  
2026-02-11 08:11:19,439 - INFO - ------------------------------------------------------------
2026-02-11 08:11:19,439 - INFO - MicL-MicR       +1.672 ± 4.947  +24.2     33.4      0.5
2026-02-11 08:11:19,439 - INFO - Raw_LDV         +8.358 ± 4.137  +90.0     99.0      0.3
2026-02-11 08:11:19,439 - INFO - Random_LDV      -0.250 ± 5.512  -3.5     63.2      0.3
2026-02-11 08:11:19,439 - INFO - OMP_LDV         -0.250 ± 0.008  -3.5     5.4      1.6
2026-02-11 08:11:19,439 - INFO - 
======================================================================
2026-02-11 08:11:19,439 - INFO - Pass Conditions:
2026-02-11 08:11:19,439 - INFO - ======================================================================
2026-02-11 08:11:19,439 - INFO - GCC-PHAT: OMP \u03b8_err=0.3° (Raw=4.1°) \u2713 PASS
2026-02-11 08:11:19,439 - INFO - CC: OMP \u03b8_err=99.0° (Raw=99.0°) \u2717 FAIL
2026-02-11 08:11:19,439 - INFO - NCC: OMP \u03b8_err=99.0° (Raw=99.0°) \u2717 FAIL
2026-02-11 08:11:19,440 - INFO - MUSIC: OMP \u03b8_err=5.4° (Raw=99.0°) \u2717 FAIL
2026-02-11 08:11:19,440 - INFO - ------------------------------------------------------------
2026-02-11 08:11:19,440 - INFO - OVERALL: \u2717 FAILED (1/4 methods)
2026-02-11 08:11:19,440 - INFO - ======================================================================
2026-02-11 08:11:19,443 - INFO - 
Results saved to: results\stage4_speech_chirp_tau0p3_band0_20260211_072624\21-0.1V\summary.json
