2026-02-11 08:03:30,868 - INFO - ======================================================================
2026-02-11 08:03:30,868 - INFO - Stage 4: DoA Multi-Method Validation
2026-02-11 08:03:30,868 - INFO - ======================================================================
2026-02-11 08:03:30,868 - INFO - Speaker: 21-0.1V
2026-02-11 08:03:30,868 - INFO - Geometry Truth:  \u03c4 = -0.759 ms, \u03b8 = -10.71°
2026-02-11 08:03:30,868 - INFO - Reference(override): \u03c4 = -0.635 ms, \u03b8 = -8.96°
2026-02-11 08:03:30,869 - INFO - Distances: d_left = 2.022 m, d_right = 2.283 m
2026-02-11 08:03:30,869 - INFO - 
Loading audio files...
2026-02-11 08:03:32,225 - INFO - Sample rate: 48000 Hz
2026-02-11 08:03:32,225 - INFO - Duration: 1043.97 s
2026-02-11 08:04:37,161 - INFO - 
Evaluating 5 segments...
2026-02-11 08:04:37,161 - INFO -   Segment 1/5: center_t=140.00s
2026-02-11 08:04:40,878 - INFO -   Segment 2/5: center_t=242.00s
2026-02-11 08:04:44,573 - INFO -   Segment 3/5: center_t=348.00s
2026-02-11 08:04:48,282 - INFO -   Segment 4/5: center_t=430.00s
2026-02-11 08:04:51,989 - INFO -   Segment 5/5: center_t=450.00s
2026-02-11 08:04:55,692 - INFO - 
======================================================================
2026-02-11 08:04:55,692 - INFO - Stage 4 Results: Speaker 21-0.1V
2026-02-11 08:04:55,692 - INFO - Geometry Truth:  \u03c4 = -0.759 ms, \u03b8 = -10.71°
2026-02-11 08:04:55,692 - INFO - Reference(override): \u03c4 = -0.635 ms, \u03b8 = -8.96°
2026-02-11 08:04:55,692 - INFO - ======================================================================
2026-02-11 08:04:55,693 - INFO - 
GCC-PHAT:
2026-02-11 08:04:55,693 - INFO - ------------------------------------------------------------
2026-02-11 08:04:55,693 - INFO - Pairing         \u03c4 (ms)       \u03b8 (°)      \u03b8_err      PSR (dB)  
2026-02-11 08:04:55,693 - INFO - ------------------------------------------------------------
2026-02-11 08:04:55,693 - INFO - MicL-MicR       -0.640 ± 0.007  -9.0     0.1      -8.9
2026-02-11 08:04:55,693 - INFO - Raw_LDV         -0.381 ± 0.127  -5.4     3.6      -1.3
2026-02-11 08:04:55,693 - INFO - Random_LDV      -0.412 ± 0.154  -5.8     3.2      -1.0
2026-02-11 08:04:55,693 - INFO - OMP_LDV         -0.414 ± 0.155  -5.8     3.1      -0.6
2026-02-11 08:04:55,693 - INFO - 
CC:
2026-02-11 08:04:55,693 - INFO - ------------------------------------------------------------
2026-02-11 08:04:55,693 - INFO - Pairing         \u03c4 (ms)       \u03b8 (°)      \u03b8_err      PSR (dB)  
2026-02-11 08:04:55,693 - INFO - ------------------------------------------------------------
2026-02-11 08:04:55,693 - INFO - MicL-MicR       -1.729 ± 0.010  -25.1     16.1      3.9
2026-02-11 08:04:55,693 - INFO - Raw_LDV         +8.792 ± 0.010  +90.0     99.0      1.7
2026-02-11 08:04:55,693 - INFO - Random_LDV      +8.771 ± 0.010  +90.0     99.0      1.7
2026-02-11 08:04:55,693 - INFO - OMP_LDV         +8.771 ± 0.010  +90.0     99.0      1.7
2026-02-11 08:04:55,693 - INFO - 
NCC:
2026-02-11 08:04:55,693 - INFO - ------------------------------------------------------------
2026-02-11 08:04:55,693 - INFO - Pairing         \u03c4 (ms)       \u03b8 (°)      \u03b8_err      PSR (dB)  
2026-02-11 08:04:55,693 - INFO - ------------------------------------------------------------
2026-02-11 08:04:55,693 - INFO - MicL-MicR       -1.729 ± 0.010  -25.1     16.1      3.9
2026-02-11 08:04:55,693 - INFO - Raw_LDV         +8.792 ± 0.010  +90.0     99.0      1.7
2026-02-11 08:04:55,693 - INFO - Random_LDV      +8.771 ± 0.010  +90.0     99.0      1.7
2026-02-11 08:04:55,695 - INFO - OMP_LDV         +8.771 ± 0.010  +90.0     99.0      1.7
2026-02-11 08:04:55,695 - INFO - 
MUSIC:
2026-02-11 08:04:55,695 - INFO - ------------------------------------------------------------
2026-02-11 08:04:55,695 - INFO - Pairing         \u03c4 (ms)       \u03b8 (°)      \u03b8_err      PSR (dB)  
2026-02-11 08:04:55,695 - INFO - ------------------------------------------------------------
2026-02-11 08:04:55,695 - INFO - MicL-MicR       -8.979 ± 7.534  -90.0     81.0      0.6
2026-02-11 08:04:55,695 - INFO - Raw_LDV         -2.292 ± 5.218  -34.2     25.2      0.3
2026-02-11 08:04:55,695 - INFO - Random_LDV      +8.298 ± 5.208  +90.0     99.0      0.2
2026-02-11 08:04:55,696 - INFO - OMP_LDV         -0.651 ± 6.869  -9.2     81.0      0.1
2026-02-11 08:04:55,696 - INFO - 
======================================================================
2026-02-11 08:04:55,696 - INFO - Pass Conditions:
2026-02-11 08:04:55,696 - INFO - ======================================================================
2026-02-11 08:04:55,696 - INFO - GCC-PHAT: OMP \u03b8_err=3.1° (Raw=3.6°) \u2713 PASS
2026-02-11 08:04:55,696 - INFO - CC: OMP \u03b8_err=99.0° (Raw=99.0°) \u2717 FAIL
2026-02-11 08:04:55,696 - INFO - NCC: OMP \u03b8_err=99.0° (Raw=99.0°) \u2717 FAIL
2026-02-11 08:04:55,696 - INFO - MUSIC: OMP \u03b8_err=81.0° (Raw=25.2°) \u2717 FAIL
2026-02-11 08:04:55,696 - INFO - ------------------------------------------------------------
2026-02-11 08:04:55,696 - INFO - OVERALL: \u2717 FAILED (1/4 methods)
2026-02-11 08:04:55,697 - INFO - ======================================================================
2026-02-11 08:04:55,700 - INFO - 
Results saved to: results\stage4_speech_chirp_tau2_band500_2000_20260211_072624\21-0.1V\summary.json
