2026-02-11 07:35:30,542 - INFO - ======================================================================
2026-02-11 07:35:30,542 - INFO - Stage 4: DoA Multi-Method Validation
2026-02-11 07:35:30,542 - INFO - ======================================================================
2026-02-11 07:35:30,542 - INFO - Speaker: 20-0.1V
2026-02-11 07:35:30,542 - INFO - Geometry Truth:  \u03c4 = 0.000 ms, \u03b8 = 0.00°
2026-02-11 07:35:30,542 - INFO - Reference(geometry): \u03c4 = 0.000 ms, \u03b8 = 0.00°
2026-02-11 07:35:30,542 - INFO - Distances: d_left = 2.119 m, d_right = 2.119 m
2026-02-11 07:35:30,542 - INFO - 
Loading audio files...
2026-02-11 07:35:31,888 - INFO - Sample rate: 48000 Hz
2026-02-11 07:35:31,888 - INFO - Duration: 1044.65 s
2026-02-11 07:36:36,728 - INFO - 
Evaluating 5 segments...
2026-02-11 07:36:36,728 - INFO -   Segment 1/5: center_t=165.00s
2026-02-11 07:36:40,381 - INFO -   Segment 2/5: center_t=315.00s
2026-02-11 07:36:44,052 - INFO -   Segment 3/5: center_t=321.00s
2026-02-11 07:36:47,723 - INFO -   Segment 4/5: center_t=537.00s
2026-02-11 07:36:51,388 - INFO -   Segment 5/5: center_t=570.00s
2026-02-11 07:36:55,074 - INFO - 
======================================================================
2026-02-11 07:36:55,074 - INFO - Stage 4 Results: Speaker 20-0.1V
2026-02-11 07:36:55,074 - INFO - Geometry Truth:  \u03c4 = 0.000 ms, \u03b8 = 0.00°
2026-02-11 07:36:55,074 - INFO - Reference(geometry): \u03c4 = 0.000 ms, \u03b8 = 0.00°
2026-02-11 07:36:55,074 - INFO - ======================================================================
2026-02-11 07:36:55,074 - INFO - 
GCC-PHAT:
2026-02-11 07:36:55,074 - INFO - ------------------------------------------------------------
2026-02-11 07:36:55,075 - INFO - Pairing         \u03c4 (ms)       \u03b8 (°)      \u03b8_err      PSR (dB)  
2026-02-11 07:36:55,075 - INFO - ------------------------------------------------------------
2026-02-11 07:36:55,075 - INFO - MicL-MicR       -0.000 ± 0.000  -0.0     0.0      26.6
2026-02-11 07:36:55,075 - INFO - Raw_LDV         -0.000 ± 0.007  -0.0     0.0      31.8
2026-02-11 07:36:55,075 - INFO - Random_LDV      -0.000 ± 0.002  -0.0     0.0      32.1
2026-02-11 07:36:55,075 - INFO - OMP_LDV         -0.000 ± 0.002  -0.0     0.0      32.3
2026-02-11 07:36:55,075 - INFO - 
CC:
2026-02-11 07:36:55,076 - INFO - ------------------------------------------------------------
2026-02-11 07:36:55,076 - INFO - Pairing         \u03c4 (ms)       \u03b8 (°)      \u03b8_err      PSR (dB)  
2026-02-11 07:36:55,076 - INFO - ------------------------------------------------------------
2026-02-11 07:36:55,076 - INFO - MicL-MicR       -1.729 ± 0.010  -25.1     25.1      3.7
2026-02-11 07:36:55,076 - INFO - Raw_LDV         +8.771 ± 0.000  +90.0     90.0      2.6
2026-02-11 07:36:55,076 - INFO - Random_LDV      +8.771 ± 0.013  +90.0     90.0      2.5
2026-02-11 07:36:55,077 - INFO - OMP_LDV         +8.771 ± 0.013  +90.0     90.0      2.6
2026-02-11 07:36:55,077 - INFO - 
NCC:
2026-02-11 07:36:55,077 - INFO - ------------------------------------------------------------
2026-02-11 07:36:55,077 - INFO - Pairing         \u03c4 (ms)       \u03b8 (°)      \u03b8_err      PSR (dB)  
2026-02-11 07:36:55,077 - INFO - ------------------------------------------------------------
2026-02-11 07:36:55,077 - INFO - MicL-MicR       -1.729 ± 0.010  -25.1     25.1      3.7
2026-02-11 07:36:55,077 - INFO - Raw_LDV         +8.771 ± 0.000  +90.0     90.0      2.6
2026-02-11 07:36:55,077 - INFO - Random_LDV      +8.771 ± 0.013  +90.0     90.0      2.5
2026-02-11 07:36:55,078 - INFO - OMP_LDV         +8.771 ± 0.013  +90.0     90.0      2.6
2026-02-11 07:36:55,078 - INFO - 
MUSIC:
2026-02-11 07:36:55,078 - INFO - ------------------------------------------------------------
2026-02-11 07:36:55,078 - INFO - Pairing         \u03c4 (ms)       \u03b8 (°)      \u03b8_err      PSR (dB)  
2026-02-11 07:36:55,078 - INFO - ------------------------------------------------------------
2026-02-11 07:36:55,078 - INFO - MicL-MicR       -8.979 ± 5.388  -90.0     90.0      0.3
2026-02-11 07:36:55,078 - INFO - Raw_LDV         -2.252 ± 7.175  -33.5     90.0      0.3
2026-02-11 07:36:55,078 - INFO - Random_LDV      +7.357 ± 5.416  +90.0     90.0      0.1
2026-02-11 07:36:55,078 - INFO - OMP_LDV         -0.110 ± 3.186  -1.5     15.2      0.6
2026-02-11 07:36:55,078 - INFO - 
======================================================================
2026-02-11 07:36:55,078 - INFO - Pass Conditions:
2026-02-11 07:36:55,079 - INFO - ======================================================================
2026-02-11 07:36:55,079 - INFO - GCC-PHAT: OMP \u03b8_err=0.0° (Raw=0.0°) \u2713 PASS
2026-02-11 07:36:55,079 - INFO - CC: OMP \u03b8_err=90.0° (Raw=90.0°) \u2717 FAIL
2026-02-11 07:36:55,079 - INFO - NCC: OMP \u03b8_err=90.0° (Raw=90.0°) \u2717 FAIL
2026-02-11 07:36:55,079 - INFO - MUSIC: OMP \u03b8_err=15.2° (Raw=90.0°) \u2717 FAIL
2026-02-11 07:36:55,079 - INFO - ------------------------------------------------------------
2026-02-11 07:36:55,079 - INFO - OVERALL: \u2717 FAILED (1/4 methods)
2026-02-11 07:36:55,079 - INFO - ======================================================================
2026-02-11 07:36:55,083 - INFO - 
Results saved to: results\stage4_speech_geometry_tau2_band500_2000_20260211_072624\20-0.1V\summary.json
