2026-02-11 08:04:56,618 - INFO - ======================================================================
2026-02-11 08:04:56,618 - INFO - Stage 4: DoA Multi-Method Validation
2026-02-11 08:04:56,618 - INFO - ======================================================================
2026-02-11 08:04:56,618 - INFO - Speaker: 22-0.1V
2026-02-11 08:04:56,620 - INFO - Geometry Truth:  \u03c4 = -1.450 ms, \u03b8 = -20.82°
2026-02-11 08:04:56,620 - INFO - Reference(override): \u03c4 = -1.307 ms, \u03b8 = -18.68°
2026-02-11 08:04:56,620 - INFO - Distances: d_left = 2.002 m, d_right = 2.500 m
2026-02-11 08:04:56,620 - INFO - 
Loading audio files...
2026-02-11 08:04:57,907 - INFO - Sample rate: 48000 Hz
2026-02-11 08:04:57,907 - INFO - Duration: 1043.46 s
2026-02-11 08:06:03,354 - INFO - 
Evaluating 5 segments...
2026-02-11 08:06:03,354 - INFO -   Segment 1/5: center_t=248.00s
2026-02-11 08:06:07,070 - INFO -   Segment 2/5: center_t=284.00s
2026-02-11 08:06:10,710 - INFO -   Segment 3/5: center_t=314.00s
2026-02-11 08:06:14,312 - INFO -   Segment 4/5: center_t=544.00s
2026-02-11 08:06:18,154 - INFO -   Segment 5/5: center_t=576.00s
2026-02-11 08:06:22,082 - INFO - 
======================================================================
2026-02-11 08:06:22,082 - INFO - Stage 4 Results: Speaker 22-0.1V
2026-02-11 08:06:22,082 - INFO - Geometry Truth:  \u03c4 = -1.450 ms, \u03b8 = -20.82°
2026-02-11 08:06:22,082 - INFO - Reference(override): \u03c4 = -1.307 ms, \u03b8 = -18.68°
2026-02-11 08:06:22,082 - INFO - ======================================================================
2026-02-11 08:06:22,082 - INFO - 
GCC-PHAT:
2026-02-11 08:06:22,082 - INFO - ------------------------------------------------------------
2026-02-11 08:06:22,083 - INFO - Pairing         \u03c4 (ms)       \u03b8 (°)      \u03b8_err      PSR (dB)  
2026-02-11 08:06:22,083 - INFO - ------------------------------------------------------------
2026-02-11 08:06:22,083 - INFO - MicL-MicR       -1.142 ± 0.003  -16.3     2.4      -12.7
2026-02-11 08:06:22,083 - INFO - Raw_LDV         -1.260 ± 0.120  -18.0     1.0      -18.1
2026-02-11 08:06:22,083 - INFO - Random_LDV      -1.265 ± 0.113  -18.0     0.8      -31.5
2026-02-11 08:06:22,083 - INFO - OMP_LDV         -1.266 ± 0.112  -18.1     0.8      -31.5
2026-02-11 08:06:22,083 - INFO - 
CC:
2026-02-11 08:06:22,083 - INFO - ------------------------------------------------------------
2026-02-11 08:06:22,083 - INFO - Pairing         \u03c4 (ms)       \u03b8 (°)      \u03b8_err      PSR (dB)  
2026-02-11 08:06:22,083 - INFO - ------------------------------------------------------------
2026-02-11 08:06:22,083 - INFO - MicL-MicR       -1.750 ± 0.010  -25.4     6.7      3.6
2026-02-11 08:06:22,084 - INFO - Raw_LDV         +8.771 ± 0.008  +90.0     108.7      2.0
2026-02-11 08:06:22,084 - INFO - Random_LDV      +8.771 ± 1.217  +90.0     108.7      2.0
2026-02-11 08:06:22,084 - INFO - OMP_LDV         +8.771 ± 1.217  +90.0     108.7      2.0
2026-02-11 08:06:22,084 - INFO - 
NCC:
2026-02-11 08:06:22,084 - INFO - ------------------------------------------------------------
2026-02-11 08:06:22,084 - INFO - Pairing         \u03c4 (ms)       \u03b8 (°)      \u03b8_err      PSR (dB)  
2026-02-11 08:06:22,084 - INFO - ------------------------------------------------------------
2026-02-11 08:06:22,084 - INFO - MicL-MicR       -1.750 ± 0.010  -25.4     6.7      3.6
2026-02-11 08:06:22,084 - INFO - Raw_LDV         +8.771 ± 0.008  +90.0     108.7      2.0
2026-02-11 08:06:22,086 - INFO - Random_LDV      +8.771 ± 1.217  +90.0     108.7      2.0
2026-02-11 08:06:22,086 - INFO - OMP_LDV         +8.771 ± 1.217  +90.0     108.7      2.0
2026-02-11 08:06:22,086 - INFO - 
MUSIC:
2026-02-11 08:06:22,086 - INFO - ------------------------------------------------------------
2026-02-11 08:06:22,086 - INFO - Pairing         \u03c4 (ms)       \u03b8 (°)      \u03b8_err      PSR (dB)  
2026-02-11 08:06:22,086 - INFO - ------------------------------------------------------------
2026-02-11 08:06:22,086 - INFO - MicL-MicR       -8.959 ± 5.375  -90.0     71.3      0.5
2026-02-11 08:06:22,086 - INFO - Raw_LDV         +1.171 ± 4.167  +16.7     35.4      0.3
2026-02-11 08:06:22,086 - INFO - Random_LDV      +2.052 ± 5.376  +30.2     54.9      0.0
2026-02-11 08:06:22,086 - INFO - OMP_LDV         -2.392 ± 5.671  -35.9     54.9      0.1
2026-02-11 08:06:22,086 - INFO - 
======================================================================
2026-02-11 08:06:22,086 - INFO - Pass Conditions:
2026-02-11 08:06:22,086 - INFO - ======================================================================
2026-02-11 08:06:22,086 - INFO - GCC-PHAT: OMP \u03b8_err=0.8° (Raw=1.0°) \u2713 PASS
2026-02-11 08:06:22,086 - INFO - CC: OMP \u03b8_err=108.7° (Raw=108.7°) \u2717 FAIL
2026-02-11 08:06:22,086 - INFO - NCC: OMP \u03b8_err=108.7° (Raw=108.7°) \u2717 FAIL
2026-02-11 08:06:22,086 - INFO - MUSIC: OMP \u03b8_err=54.9° (Raw=35.4°) \u2717 FAIL
2026-02-11 08:06:22,086 - INFO - ------------------------------------------------------------
2026-02-11 08:06:22,086 - INFO - OVERALL: \u2717 FAILED (1/4 methods)
2026-02-11 08:06:22,086 - INFO - ======================================================================
2026-02-11 08:06:22,091 - INFO - 
Results saved to: results\stage4_speech_chirp_tau2_band500_2000_20260211_072624\22-0.1V\summary.json
