2026-02-11 07:59:13,629 - INFO - ======================================================================
2026-02-11 07:59:13,629 - INFO - Stage 4: DoA Multi-Method Validation
2026-02-11 07:59:13,629 - INFO - ======================================================================
2026-02-11 07:59:13,629 - INFO - Speaker: 18-0.1V
2026-02-11 07:59:13,629 - INFO - Geometry Truth:  \u03c4 = 1.450 ms, \u03b8 = 20.82°
2026-02-11 07:59:13,629 - INFO - Reference(override): \u03c4 = 1.586 ms, \u03b8 = 22.86°
2026-02-11 07:59:13,629 - INFO - Distances: d_left = 2.500 m, d_right = 2.002 m
2026-02-11 07:59:13,629 - INFO - 
Loading audio files...
2026-02-11 07:59:15,011 - INFO - Sample rate: 48000 Hz
2026-02-11 07:59:15,011 - INFO - Duration: 1043.97 s
2026-02-11 08:00:20,096 - INFO - 
Evaluating 5 segments...
2026-02-11 08:00:20,096 - INFO -   Segment 1/5: center_t=189.00s
2026-02-11 08:00:23,775 - INFO -   Segment 2/5: center_t=340.00s
2026-02-11 08:00:27,478 - INFO -   Segment 3/5: center_t=381.00s
2026-02-11 08:00:31,189 - INFO -   Segment 4/5: center_t=513.00s
2026-02-11 08:00:34,903 - INFO -   Segment 5/5: center_t=583.00s
2026-02-11 08:00:38,634 - INFO - 
======================================================================
2026-02-11 08:00:38,634 - INFO - Stage 4 Results: Speaker 18-0.1V
2026-02-11 08:00:38,634 - INFO - Geometry Truth:  \u03c4 = 1.450 ms, \u03b8 = 20.82°
2026-02-11 08:00:38,634 - INFO - Reference(override): \u03c4 = 1.586 ms, \u03b8 = 22.86°
2026-02-11 08:00:38,634 - INFO - ======================================================================
2026-02-11 08:00:38,634 - INFO - 
GCC-PHAT:
2026-02-11 08:00:38,634 - INFO - ------------------------------------------------------------
2026-02-11 08:00:38,634 - INFO - Pairing         \u03c4 (ms)       \u03b8 (°)      \u03b8_err      PSR (dB)  
2026-02-11 08:00:38,634 - INFO - ------------------------------------------------------------
2026-02-11 08:00:38,634 - INFO - MicL-MicR       +1.577 ± 0.006  +22.7     0.1      -12.5
2026-02-11 08:00:38,635 - INFO - Raw_LDV         +1.556 ± 0.095  +22.4     0.4      -29.8
2026-02-11 08:00:38,635 - INFO - Random_LDV      +1.576 ± 0.203  +22.7     0.3      -35.9
2026-02-11 08:00:38,635 - INFO - OMP_LDV         +1.572 ± 0.203  +22.6     0.4      -36.1
2026-02-11 08:00:38,635 - INFO - 
CC:
2026-02-11 08:00:38,635 - INFO - ------------------------------------------------------------
2026-02-11 08:00:38,635 - INFO - Pairing         \u03c4 (ms)       \u03b8 (°)      \u03b8_err      PSR (dB)  
2026-02-11 08:00:38,635 - INFO - ------------------------------------------------------------
2026-02-11 08:00:38,635 - INFO - MicL-MicR       -1.750 ± 0.008  -25.4     48.3      3.9
2026-02-11 08:00:38,635 - INFO - Raw_LDV         +8.750 ± 0.000  +90.0     67.1      2.1
2026-02-11 08:00:38,636 - INFO - Random_LDV      +8.750 ± 0.013  +90.0     67.1      2.1
2026-02-11 08:00:38,636 - INFO - OMP_LDV         +8.750 ± 0.013  +90.0     67.1      2.2
2026-02-11 08:00:38,636 - INFO - 
NCC:
2026-02-11 08:00:38,636 - INFO - ------------------------------------------------------------
2026-02-11 08:00:38,636 - INFO - Pairing         \u03c4 (ms)       \u03b8 (°)      \u03b8_err      PSR (dB)  
2026-02-11 08:00:38,636 - INFO - ------------------------------------------------------------
2026-02-11 08:00:38,637 - INFO - MicL-MicR       -1.750 ± 0.008  -25.4     48.3      3.9
2026-02-11 08:00:38,637 - INFO - Raw_LDV         +8.750 ± 0.000  +90.0     67.1      2.1
2026-02-11 08:00:38,637 - INFO - Random_LDV      +8.750 ± 0.013  +90.0     67.1      2.1
2026-02-11 08:00:38,637 - INFO - OMP_LDV         +8.750 ± 0.013  +90.0     67.1      2.2
2026-02-11 08:00:38,637 - INFO - 
MUSIC:
2026-02-11 08:00:38,637 - INFO - ------------------------------------------------------------
2026-02-11 08:00:38,637 - INFO - Pairing         \u03c4 (ms)       \u03b8 (°)      \u03b8_err      PSR (dB)  
2026-02-11 08:00:38,637 - INFO - ------------------------------------------------------------
2026-02-11 08:00:38,637 - INFO - MicL-MicR       -1.612 ± 6.909  -23.3     67.1      0.0
2026-02-11 08:00:38,638 - INFO - Raw_LDV         -1.672 ± 3.590  -24.2     47.0      0.0
2026-02-11 08:00:38,638 - INFO - Random_LDV      +6.757 ± 3.346  +90.0     67.1      0.2
2026-02-11 08:00:38,638 - INFO - OMP_LDV         +3.473 ± 4.306  +58.3     56.4      0.4
2026-02-11 08:00:38,638 - INFO - 
======================================================================
2026-02-11 08:00:38,638 - INFO - Pass Conditions:
2026-02-11 08:00:38,638 - INFO - ======================================================================
2026-02-11 08:00:38,638 - INFO - GCC-PHAT: OMP \u03b8_err=0.4° (Raw=0.4°) \u2713 PASS
2026-02-11 08:00:38,638 - INFO - CC: OMP \u03b8_err=67.1° (Raw=67.1°) \u2717 FAIL
2026-02-11 08:00:38,638 - INFO - NCC: OMP \u03b8_err=67.1° (Raw=67.1°) \u2717 FAIL
2026-02-11 08:00:38,638 - INFO - MUSIC: OMP \u03b8_err=56.4° (Raw=47.0°) \u2717 FAIL
2026-02-11 08:00:38,638 - INFO - ------------------------------------------------------------
2026-02-11 08:00:38,638 - INFO - OVERALL: \u2717 FAILED (1/4 methods)
2026-02-11 08:00:38,638 - INFO - ======================================================================
2026-02-11 08:00:38,642 - INFO - 
Results saved to: results\stage4_speech_chirp_tau2_band500_2000_20260211_072624\18-0.1V\summary.json
