2026-02-11 07:26:25,652 - INFO - ======================================================================
2026-02-11 07:26:25,652 - INFO - Stage 4: DoA Multi-Method Validation
2026-02-11 07:26:25,652 - INFO - ======================================================================
2026-02-11 07:26:25,653 - INFO - Speaker: 18-0.1V
2026-02-11 07:26:25,653 - INFO - Geometry Truth:  \u03c4 = 1.450 ms, \u03b8 = 20.82°
2026-02-11 07:26:25,653 - INFO - Reference(geometry): \u03c4 = 1.450 ms, \u03b8 = 20.82°
2026-02-11 07:26:25,653 - INFO - Distances: d_left = 2.500 m, d_right = 2.002 m
2026-02-11 07:26:25,653 - INFO - 
Loading audio files...
2026-02-11 07:26:27,029 - INFO - Sample rate: 48000 Hz
2026-02-11 07:26:27,029 - INFO - Duration: 1043.97 s
2026-02-11 07:27:20,007 - INFO - 
Evaluating 5 segments...
2026-02-11 07:27:20,007 - INFO -   Segment 1/5: center_t=277.00s
2026-02-11 07:27:23,450 - INFO -   Segment 2/5: center_t=337.00s
2026-02-11 07:27:27,002 - INFO -   Segment 3/5: center_t=442.00s
2026-02-11 07:27:30,740 - INFO -   Segment 4/5: center_t=493.00s
2026-02-11 07:27:34,491 - INFO -   Segment 5/5: center_t=560.00s
2026-02-11 07:27:38,162 - INFO - 
======================================================================
2026-02-11 07:27:38,162 - INFO - Stage 4 Results: Speaker 18-0.1V
2026-02-11 07:27:38,162 - INFO - Geometry Truth:  \u03c4 = 1.450 ms, \u03b8 = 20.82°
2026-02-11 07:27:38,162 - INFO - Reference(geometry): \u03c4 = 1.450 ms, \u03b8 = 20.82°
2026-02-11 07:27:38,162 - INFO - ======================================================================
2026-02-11 07:27:38,162 - INFO - 
GCC-PHAT:
2026-02-11 07:27:38,162 - INFO - ------------------------------------------------------------
2026-02-11 07:27:38,162 - INFO - Pairing         \u03c4 (ms)       \u03b8 (°)      \u03b8_err      PSR (dB)  
2026-02-11 07:27:38,162 - INFO - ------------------------------------------------------------
2026-02-11 07:27:38,162 - INFO - MicL-MicR       +1.759 ± 0.000  +25.5     4.7      -18.7
2026-02-11 07:27:38,162 - INFO - Raw_LDV         +1.332 ± 0.087  +19.0     1.8      2.4
2026-02-11 07:27:38,162 - INFO - Random_LDV      +1.475 ± 0.059  +21.2     0.4      -7.0
2026-02-11 07:27:38,162 - INFO - OMP_LDV         +1.474 ± 0.059  +21.2     0.4      -7.1
2026-02-11 07:27:38,162 - INFO - 
CC:
2026-02-11 07:27:38,162 - INFO - ------------------------------------------------------------
2026-02-11 07:27:38,162 - INFO - Pairing         \u03c4 (ms)       \u03b8 (°)      \u03b8_err      PSR (dB)  
2026-02-11 07:27:38,162 - INFO - ------------------------------------------------------------
2026-02-11 07:27:38,162 - INFO - MicL-MicR       -1.688 ± 1.356  -24.4     45.2      0.1
2026-02-11 07:27:38,162 - INFO - Raw_LDV         +5.583 ± 4.294  +90.0     69.2      0.3
2026-02-11 07:27:38,162 - INFO - Random_LDV      +2.562 ± 5.351  +38.9     69.2      0.1
2026-02-11 07:27:38,162 - INFO - OMP_LDV         +2.562 ± 5.356  +38.9     69.2      0.1
2026-02-11 07:27:38,162 - INFO - 
NCC:
2026-02-11 07:27:38,162 - INFO - ------------------------------------------------------------
2026-02-11 07:27:38,162 - INFO - Pairing         \u03c4 (ms)       \u03b8 (°)      \u03b8_err      PSR (dB)  
2026-02-11 07:27:38,162 - INFO - ------------------------------------------------------------
2026-02-11 07:27:38,162 - INFO - MicL-MicR       -1.688 ± 1.356  -24.4     45.2      0.1
2026-02-11 07:27:38,165 - INFO - Raw_LDV         +5.583 ± 4.294  +90.0     69.2      0.3
2026-02-11 07:27:38,165 - INFO - Random_LDV      +2.562 ± 5.351  +38.9     69.2      0.1
2026-02-11 07:27:38,165 - INFO - OMP_LDV         +2.562 ± 5.356  +38.9     69.2      0.1
2026-02-11 07:27:38,165 - INFO - 
MUSIC:
2026-02-11 07:27:38,166 - INFO - ------------------------------------------------------------
2026-02-11 07:27:38,166 - INFO - Pairing         \u03c4 (ms)       \u03b8 (°)      \u03b8_err      PSR (dB)  
2026-02-11 07:27:38,166 - INFO - ------------------------------------------------------------
2026-02-11 07:27:38,166 - INFO - MicL-MicR       -8.999 ± 4.365  -90.0     110.8      0.5
2026-02-11 07:27:38,166 - INFO - Raw_LDV         -2.252 ± 4.906  -33.5     54.6      0.3
2026-02-11 07:27:38,166 - INFO - Random_LDV      -3.694 ± 3.031  -64.8     85.6      0.6
2026-02-11 07:27:38,167 - INFO - OMP_LDV         -2.392 ± 4.714  -35.9     56.7      0.4
2026-02-11 07:27:38,167 - INFO - 
======================================================================
2026-02-11 07:27:38,167 - INFO - Pass Conditions:
2026-02-11 07:27:38,167 - INFO - ======================================================================
2026-02-11 07:27:38,167 - INFO - GCC-PHAT: OMP \u03b8_err=0.4° (Raw=1.8°) \u2713 PASS
2026-02-11 07:27:38,167 - INFO - CC: OMP \u03b8_err=69.2° (Raw=69.2°) \u2717 FAIL
2026-02-11 07:27:38,167 - INFO - NCC: OMP \u03b8_err=69.2° (Raw=69.2°) \u2717 FAIL
2026-02-11 07:27:38,167 - INFO - MUSIC: OMP \u03b8_err=56.7° (Raw=54.6°) \u2717 FAIL
2026-02-11 07:27:38,167 - INFO - ------------------------------------------------------------
2026-02-11 07:27:38,167 - INFO - OVERALL: \u2717 FAILED (1/4 methods)
2026-02-11 07:27:38,167 - INFO - ======================================================================
2026-02-11 07:27:38,171 - INFO - 
Results saved to: results\stage4_speech_geometry_tau2_band0_20260211_072624\18-0.1V\summary.json
