2026-02-11 07:38:21,900 - INFO - ======================================================================
2026-02-11 07:38:21,900 - INFO - Stage 4: DoA Multi-Method Validation
2026-02-11 07:38:21,900 - INFO - ======================================================================
2026-02-11 07:38:21,900 - INFO - Speaker: 22-0.1V
2026-02-11 07:38:21,900 - INFO - Geometry Truth:  \u03c4 = -1.450 ms, \u03b8 = -20.82°
2026-02-11 07:38:21,901 - INFO - Reference(geometry): \u03c4 = -1.450 ms, \u03b8 = -20.82°
2026-02-11 07:38:21,901 - INFO - Distances: d_left = 2.002 m, d_right = 2.500 m
2026-02-11 07:38:21,901 - INFO - 
Loading audio files...
2026-02-11 07:38:23,211 - INFO - Sample rate: 48000 Hz
2026-02-11 07:38:23,211 - INFO - Duration: 1043.46 s
2026-02-11 07:39:28,911 - INFO - 
Evaluating 5 segments...
2026-02-11 07:39:28,911 - INFO -   Segment 1/5: center_t=147.00s
2026-02-11 07:39:32,846 - INFO -   Segment 2/5: center_t=193.00s
2026-02-11 07:39:36,754 - INFO -   Segment 3/5: center_t=407.00s
2026-02-11 07:39:40,660 - INFO -   Segment 4/5: center_t=496.00s
2026-02-11 07:39:44,565 - INFO -   Segment 5/5: center_t=598.00s
2026-02-11 07:39:48,473 - INFO - 
======================================================================
2026-02-11 07:39:48,473 - INFO - Stage 4 Results: Speaker 22-0.1V
2026-02-11 07:39:48,473 - INFO - Geometry Truth:  \u03c4 = -1.450 ms, \u03b8 = -20.82°
2026-02-11 07:39:48,473 - INFO - Reference(geometry): \u03c4 = -1.450 ms, \u03b8 = -20.82°
2026-02-11 07:39:48,473 - INFO - ======================================================================
2026-02-11 07:39:48,473 - INFO - 
GCC-PHAT:
2026-02-11 07:39:48,473 - INFO - ------------------------------------------------------------
2026-02-11 07:39:48,474 - INFO - Pairing         \u03c4 (ms)       \u03b8 (°)      \u03b8_err      PSR (dB)  
2026-02-11 07:39:48,474 - INFO - ------------------------------------------------------------
2026-02-11 07:39:48,474 - INFO - MicL-MicR       -1.682 ± 0.000  -24.3     3.5      -8.2
2026-02-11 07:39:48,475 - INFO - Raw_LDV         -1.266 ± 0.099  -18.1     2.7      -25.5
2026-02-11 07:39:48,475 - INFO - Random_LDV      -1.275 ± 0.101  -18.2     2.6      -27.0
2026-02-11 07:39:48,475 - INFO - OMP_LDV         -1.277 ± 0.101  -18.2     2.6      -27.3
2026-02-11 07:39:48,475 - INFO - 
CC:
2026-02-11 07:39:48,475 - INFO - ------------------------------------------------------------
2026-02-11 07:39:48,475 - INFO - Pairing         \u03c4 (ms)       \u03b8 (°)      \u03b8_err      PSR (dB)  
2026-02-11 07:39:48,475 - INFO - ------------------------------------------------------------
2026-02-11 07:39:48,475 - INFO - MicL-MicR       -1.729 ± 0.010  -25.1     4.2      3.6
2026-02-11 07:39:48,475 - INFO - Raw_LDV         +8.750 ± 0.010  +90.0     110.8      2.0
2026-02-11 07:39:48,476 - INFO - Random_LDV      +8.771 ± 0.017  +90.0     110.8      2.1
2026-02-11 07:39:48,476 - INFO - OMP_LDV         +8.771 ± 0.017  +90.0     110.8      2.0
2026-02-11 07:39:48,476 - INFO - 
NCC:
2026-02-11 07:39:48,476 - INFO - ------------------------------------------------------------
2026-02-11 07:39:48,476 - INFO - Pairing         \u03c4 (ms)       \u03b8 (°)      \u03b8_err      PSR (dB)  
2026-02-11 07:39:48,476 - INFO - ------------------------------------------------------------
2026-02-11 07:39:48,476 - INFO - MicL-MicR       -1.729 ± 0.010  -25.1     4.2      3.6
2026-02-11 07:39:48,476 - INFO - Raw_LDV         +8.750 ± 0.010  +90.0     110.8      2.0
2026-02-11 07:39:48,476 - INFO - Random_LDV      +8.771 ± 0.017  +90.0     110.8      2.1
2026-02-11 07:39:48,477 - INFO - OMP_LDV         +8.771 ± 0.017  +90.0     110.8      2.0
2026-02-11 07:39:48,477 - INFO - 
MUSIC:
2026-02-11 07:39:48,477 - INFO - ------------------------------------------------------------
2026-02-11 07:39:48,477 - INFO - Pairing         \u03c4 (ms)       \u03b8 (°)      \u03b8_err      PSR (dB)  
2026-02-11 07:39:48,477 - INFO - ------------------------------------------------------------
2026-02-11 07:39:48,477 - INFO - MicL-MicR       +1.672 ± 6.405  +24.2     69.2      0.1
2026-02-11 07:39:48,477 - INFO - Raw_LDV         +1.171 ± 5.006  +16.7     69.2      0.0
2026-02-11 07:39:48,477 - INFO - Random_LDV      -2.392 ± 4.534  -35.9     33.0      0.0
2026-02-11 07:39:48,477 - INFO - OMP_LDV         -2.272 ± 5.086  -33.8     33.0      0.1
2026-02-11 07:39:48,477 - INFO - 
======================================================================
2026-02-11 07:39:48,477 - INFO - Pass Conditions:
2026-02-11 07:39:48,477 - INFO - ======================================================================
2026-02-11 07:39:48,477 - INFO - GCC-PHAT: OMP \u03b8_err=2.6° (Raw=2.7°) \u2713 PASS
2026-02-11 07:39:48,477 - INFO - CC: OMP \u03b8_err=110.8° (Raw=110.8°) \u2717 FAIL
2026-02-11 07:39:48,477 - INFO - NCC: OMP \u03b8_err=110.8° (Raw=110.8°) \u2717 FAIL
2026-02-11 07:39:48,477 - INFO - MUSIC: OMP \u03b8_err=33.0° (Raw=69.2°) \u2717 FAIL
2026-02-11 07:39:48,477 - INFO - ------------------------------------------------------------
2026-02-11 07:39:48,477 - INFO - OVERALL: \u2717 FAILED (1/4 methods)
2026-02-11 07:39:48,477 - INFO - ======================================================================
2026-02-11 07:39:48,482 - INFO - 
Results saved to: results\stage4_speech_geometry_tau2_band500_2000_20260211_072624\22-0.1V\summary.json
