2026-02-11 08:15:30,180 - INFO - ======================================================================
2026-02-11 08:15:30,181 - INFO - Stage 4: DoA Multi-Method Validation
2026-02-11 08:15:30,181 - INFO - ======================================================================
2026-02-11 08:15:30,181 - INFO - Speaker: 20-0.1V
2026-02-11 08:15:30,181 - INFO - Geometry Truth:  \u03c4 = 0.000 ms, \u03b8 = 0.00°
2026-02-11 08:15:30,181 - INFO - Reference(override): \u03c4 = 0.222 ms, \u03b8 = 3.12°
2026-02-11 08:15:30,181 - INFO - Distances: d_left = 2.119 m, d_right = 2.119 m
2026-02-11 08:15:30,181 - INFO - 
Loading audio files...
2026-02-11 08:15:31,527 - INFO - Sample rate: 48000 Hz
2026-02-11 08:15:31,527 - INFO - Duration: 1044.65 s
2026-02-11 08:16:35,812 - INFO - 
Evaluating 5 segments...
2026-02-11 08:16:35,812 - INFO -   Segment 1/5: center_t=201.00s
2026-02-11 08:16:39,532 - INFO -   Segment 2/5: center_t=241.00s
2026-02-11 08:16:43,285 - INFO -   Segment 3/5: center_t=346.00s
2026-02-11 08:16:46,942 - INFO -   Segment 4/5: center_t=372.00s
2026-02-11 08:16:50,641 - INFO -   Segment 5/5: center_t=547.00s
2026-02-11 08:16:54,312 - INFO - 
======================================================================
2026-02-11 08:16:54,312 - INFO - Stage 4 Results: Speaker 20-0.1V
2026-02-11 08:16:54,312 - INFO - Geometry Truth:  \u03c4 = 0.000 ms, \u03b8 = 0.00°
2026-02-11 08:16:54,312 - INFO - Reference(override): \u03c4 = 0.222 ms, \u03b8 = 3.12°
2026-02-11 08:16:54,312 - INFO - ======================================================================
2026-02-11 08:16:54,312 - INFO - 
GCC-PHAT:
2026-02-11 08:16:54,312 - INFO - ------------------------------------------------------------
2026-02-11 08:16:54,312 - INFO - Pairing         \u03c4 (ms)       \u03b8 (°)      \u03b8_err      PSR (dB)  
2026-02-11 08:16:54,312 - INFO - ------------------------------------------------------------
2026-02-11 08:16:54,312 - INFO - MicL-MicR       +0.042 ± 0.026  +0.6     2.5      8.8
2026-02-11 08:16:54,312 - INFO - Raw_LDV         -0.001 ± 0.018  -0.0     3.1      20.0
2026-02-11 08:16:54,312 - INFO - Random_LDV      +0.016 ± 0.019  +0.2     2.9      20.4
2026-02-11 08:16:54,312 - INFO - OMP_LDV         +0.016 ± 0.019  +0.2     2.9      20.7
2026-02-11 08:16:54,312 - INFO - 
CC:
2026-02-11 08:16:54,312 - INFO - ------------------------------------------------------------
2026-02-11 08:16:54,312 - INFO - Pairing         \u03c4 (ms)       \u03b8 (°)      \u03b8_err      PSR (dB)  
2026-02-11 08:16:54,312 - INFO - ------------------------------------------------------------
2026-02-11 08:16:54,312 - INFO - MicL-MicR       -1.750 ± 0.010  -25.4     28.5      3.9
2026-02-11 08:16:54,312 - INFO - Raw_LDV         +8.771 ± 0.000  +90.0     86.9      2.3
2026-02-11 08:16:54,312 - INFO - Random_LDV      +8.771 ± 0.013  +90.0     86.9      2.3
2026-02-11 08:16:54,312 - INFO - OMP_LDV         +8.771 ± 0.013  +90.0     86.9      2.3
2026-02-11 08:16:54,312 - INFO - 
NCC:
2026-02-11 08:16:54,312 - INFO - ------------------------------------------------------------
2026-02-11 08:16:54,312 - INFO - Pairing         \u03c4 (ms)       \u03b8 (°)      \u03b8_err      PSR (dB)  
2026-02-11 08:16:54,312 - INFO - ------------------------------------------------------------
2026-02-11 08:16:54,312 - INFO - MicL-MicR       -1.750 ± 0.010  -25.4     28.5      3.9
2026-02-11 08:16:54,312 - INFO - Raw_LDV         +8.771 ± 0.000  +90.0     86.9      2.3
2026-02-11 08:16:54,312 - INFO - Random_LDV      +8.771 ± 0.013  +90.0     86.9      2.3
2026-02-11 08:16:54,312 - INFO - OMP_LDV         +8.771 ± 0.013  +90.0     86.9      2.3
2026-02-11 08:16:54,312 - INFO - 
MUSIC:
2026-02-11 08:16:54,312 - INFO - ------------------------------------------------------------
2026-02-11 08:16:54,312 - INFO - Pairing         \u03c4 (ms)       \u03b8 (°)      \u03b8_err      PSR (dB)  
2026-02-11 08:16:54,312 - INFO - ------------------------------------------------------------
2026-02-11 08:16:54,312 - INFO - MicL-MicR       +1.672 ± 7.200  +24.2     86.9      0.8
2026-02-11 08:16:54,312 - INFO - Raw_LDV         -2.252 ± 6.641  -33.5     86.9      0.2
2026-02-11 08:16:54,312 - INFO - Random_LDV      +7.858 ± 4.085  +90.0     86.9      0.1
2026-02-11 08:16:54,312 - INFO - OMP_LDV         -3.313 ± 2.738  -54.3     57.4      0.6
2026-02-11 08:16:54,312 - INFO - 
======================================================================
2026-02-11 08:16:54,312 - INFO - Pass Conditions:
2026-02-11 08:16:54,312 - INFO - ======================================================================
2026-02-11 08:16:54,312 - INFO - GCC-PHAT: OMP \u03b8_err=2.9° (Raw=3.1°) \u2713 PASS
2026-02-11 08:16:54,312 - INFO - CC: OMP \u03b8_err=86.9° (Raw=86.9°) \u2717 FAIL
2026-02-11 08:16:54,312 - INFO - NCC: OMP \u03b8_err=86.9° (Raw=86.9°) \u2717 FAIL
2026-02-11 08:16:54,312 - INFO - MUSIC: OMP \u03b8_err=57.4° (Raw=86.9°) \u2717 FAIL
2026-02-11 08:16:54,312 - INFO - ------------------------------------------------------------
2026-02-11 08:16:54,312 - INFO - OVERALL: \u2717 FAILED (1/4 methods)
2026-02-11 08:16:54,312 - INFO - ======================================================================
2026-02-11 08:16:54,319 - INFO - 
Results saved to: results\stage4_speech_chirp_tau0p3_band500_2000_20260211_072624\20-0.1V\summary.json
