2026-02-11 07:32:37,777 - INFO - ======================================================================
2026-02-11 07:32:37,777 - INFO - Stage 4: DoA Multi-Method Validation
2026-02-11 07:32:37,777 - INFO - ======================================================================
2026-02-11 07:32:37,777 - INFO - Speaker: 18-0.1V
2026-02-11 07:32:37,777 - INFO - Geometry Truth:  \u03c4 = 1.450 ms, \u03b8 = 20.82°
2026-02-11 07:32:37,778 - INFO - Reference(geometry): \u03c4 = 1.450 ms, \u03b8 = 20.82°
2026-02-11 07:32:37,778 - INFO - Distances: d_left = 2.500 m, d_right = 2.002 m
2026-02-11 07:32:37,778 - INFO - 
Loading audio files...
2026-02-11 07:32:39,168 - INFO - Sample rate: 48000 Hz
2026-02-11 07:32:39,168 - INFO - Duration: 1043.97 s
2026-02-11 07:33:44,782 - INFO - 
Evaluating 5 segments...
2026-02-11 07:33:44,782 - INFO -   Segment 1/5: center_t=128.00s
2026-02-11 07:33:48,493 - INFO -   Segment 2/5: center_t=242.00s
2026-02-11 07:33:52,218 - INFO -   Segment 3/5: center_t=284.00s
2026-02-11 07:33:55,941 - INFO -   Segment 4/5: center_t=469.00s
2026-02-11 07:33:59,669 - INFO -   Segment 5/5: center_t=590.00s
2026-02-11 07:34:03,375 - INFO - 
======================================================================
2026-02-11 07:34:03,375 - INFO - Stage 4 Results: Speaker 18-0.1V
2026-02-11 07:34:03,375 - INFO - Geometry Truth:  \u03c4 = 1.450 ms, \u03b8 = 20.82°
2026-02-11 07:34:03,375 - INFO - Reference(geometry): \u03c4 = 1.450 ms, \u03b8 = 20.82°
2026-02-11 07:34:03,375 - INFO - ======================================================================
2026-02-11 07:34:03,375 - INFO - 
GCC-PHAT:
2026-02-11 07:34:03,375 - INFO - ------------------------------------------------------------
2026-02-11 07:34:03,375 - INFO - Pairing         \u03c4 (ms)       \u03b8 (°)      \u03b8_err      PSR (dB)  
2026-02-11 07:34:03,375 - INFO - ------------------------------------------------------------
2026-02-11 07:34:03,375 - INFO - MicL-MicR       +1.545 ± 0.077  +22.2     1.4      -15.9
2026-02-11 07:34:03,375 - INFO - Raw_LDV         +1.555 ± 0.091  +22.4     1.6      -33.0
2026-02-11 07:34:03,375 - INFO - Random_LDV      +1.532 ± 0.238  +22.0     2.0      -26.1
2026-02-11 07:34:03,375 - INFO - OMP_LDV         +1.530 ± 0.237  +22.0     2.0      -26.1
2026-02-11 07:34:03,375 - INFO - 
CC:
2026-02-11 07:34:03,375 - INFO - ------------------------------------------------------------
2026-02-11 07:34:03,375 - INFO - Pairing         \u03c4 (ms)       \u03b8 (°)      \u03b8_err      PSR (dB)  
2026-02-11 07:34:03,375 - INFO - ------------------------------------------------------------
2026-02-11 07:34:03,375 - INFO - MicL-MicR       -1.750 ± 0.010  -25.4     46.2      3.9
2026-02-11 07:34:03,375 - INFO - Raw_LDV         +8.750 ± 0.010  +90.0     69.2      2.1
2026-02-11 07:34:03,375 - INFO - Random_LDV      +8.750 ± 0.025  +90.0     69.2      2.2
2026-02-11 07:34:03,375 - INFO - OMP_LDV         +8.750 ± 0.025  +90.0     69.2      2.2
2026-02-11 07:34:03,375 - INFO - 
NCC:
2026-02-11 07:34:03,381 - INFO - ------------------------------------------------------------
2026-02-11 07:34:03,381 - INFO - Pairing         \u03c4 (ms)       \u03b8 (°)      \u03b8_err      PSR (dB)  
2026-02-11 07:34:03,381 - INFO - ------------------------------------------------------------
2026-02-11 07:34:03,381 - INFO - MicL-MicR       -1.750 ± 0.010  -25.4     46.2      3.9
2026-02-11 07:34:03,381 - INFO - Raw_LDV         +8.750 ± 0.010  +90.0     69.2      2.1
2026-02-11 07:34:03,381 - INFO - Random_LDV      +8.750 ± 0.025  +90.0     69.2      2.2
2026-02-11 07:34:03,381 - INFO - OMP_LDV         +8.750 ± 0.025  +90.0     69.2      2.2
2026-02-11 07:34:03,381 - INFO - 
MUSIC:
2026-02-11 07:34:03,381 - INFO - ------------------------------------------------------------
2026-02-11 07:34:03,381 - INFO - Pairing         \u03c4 (ms)       \u03b8 (°)      \u03b8_err      PSR (dB)  
2026-02-11 07:34:03,381 - INFO - ------------------------------------------------------------
2026-02-11 07:34:03,381 - INFO - MicL-MicR       +1.672 ± 5.223  +24.2     3.4      0.3
2026-02-11 07:34:03,381 - INFO - Raw_LDV         +0.951 ± 6.285  +13.5     69.2      0.2
2026-02-11 07:34:03,381 - INFO - Random_LDV      -2.272 ± 4.911  -33.8     69.2      0.3
2026-02-11 07:34:03,381 - INFO - OMP_LDV         +8.378 ± 0.960  +90.0     69.2      0.5
2026-02-11 07:34:03,381 - INFO - 
======================================================================
2026-02-11 07:34:03,381 - INFO - Pass Conditions:
2026-02-11 07:34:03,381 - INFO - ======================================================================
2026-02-11 07:34:03,381 - INFO - GCC-PHAT: OMP \u03b8_err=2.0° (Raw=1.6°) \u2717 FAIL
2026-02-11 07:34:03,381 - INFO - CC: OMP \u03b8_err=69.2° (Raw=69.2°) \u2717 FAIL
2026-02-11 07:34:03,381 - INFO - NCC: OMP \u03b8_err=69.2° (Raw=69.2°) \u2717 FAIL
2026-02-11 07:34:03,381 - INFO - MUSIC: OMP \u03b8_err=69.2° (Raw=69.2°) \u2717 FAIL
2026-02-11 07:34:03,381 - INFO - ------------------------------------------------------------
2026-02-11 07:34:03,381 - INFO - OVERALL: \u2717 FAILED (0/4 methods)
2026-02-11 07:34:03,381 - INFO - ======================================================================
2026-02-11 07:34:03,387 - INFO - 
Results saved to: results\stage4_speech_geometry_tau2_band500_2000_20260211_072624\18-0.1V\summary.json
