2026-02-11 07:53:04,578 - INFO - ======================================================================
2026-02-11 07:53:04,578 - INFO - Stage 4: DoA Multi-Method Validation
2026-02-11 07:53:04,578 - INFO - ======================================================================
2026-02-11 07:53:04,578 - INFO - Speaker: 18-0.1V
2026-02-11 07:53:04,578 - INFO - Geometry Truth:  \u03c4 = 1.450 ms, \u03b8 = 20.82°
2026-02-11 07:53:04,578 - INFO - Reference(override): \u03c4 = 1.586 ms, \u03b8 = 22.86°
2026-02-11 07:53:04,578 - INFO - Distances: d_left = 2.500 m, d_right = 2.002 m
2026-02-11 07:53:04,578 - INFO - 
Loading audio files...
2026-02-11 07:53:05,934 - INFO - Sample rate: 48000 Hz
2026-02-11 07:53:05,934 - INFO - Duration: 1043.97 s
2026-02-11 07:53:58,343 - INFO - 
Evaluating 5 segments...
2026-02-11 07:53:58,343 - INFO -   Segment 1/5: center_t=277.00s
2026-02-11 07:54:01,759 - INFO -   Segment 2/5: center_t=337.00s
2026-02-11 07:54:05,243 - INFO -   Segment 3/5: center_t=442.00s
2026-02-11 07:54:08,946 - INFO -   Segment 4/5: center_t=493.00s
2026-02-11 07:54:12,647 - INFO -   Segment 5/5: center_t=560.00s
2026-02-11 07:54:16,289 - INFO - 
======================================================================
2026-02-11 07:54:16,289 - INFO - Stage 4 Results: Speaker 18-0.1V
2026-02-11 07:54:16,289 - INFO - Geometry Truth:  \u03c4 = 1.450 ms, \u03b8 = 20.82°
2026-02-11 07:54:16,289 - INFO - Reference(override): \u03c4 = 1.586 ms, \u03b8 = 22.86°
2026-02-11 07:54:16,289 - INFO - ======================================================================
2026-02-11 07:54:16,289 - INFO - 
GCC-PHAT:
2026-02-11 07:54:16,289 - INFO - ------------------------------------------------------------
2026-02-11 07:54:16,289 - INFO - Pairing         \u03c4 (ms)       \u03b8 (°)      \u03b8_err      PSR (dB)  
2026-02-11 07:54:16,289 - INFO - ------------------------------------------------------------
2026-02-11 07:54:16,290 - INFO - MicL-MicR       +1.759 ± 0.000  +25.5     2.7      -18.7
2026-02-11 07:54:16,290 - INFO - Raw_LDV         +1.332 ± 0.087  +19.0     3.8      2.4
2026-02-11 07:54:16,290 - INFO - Random_LDV      +1.474 ± 0.059  +21.2     1.7      -6.9
2026-02-11 07:54:16,290 - INFO - OMP_LDV         +1.474 ± 0.059  +21.2     1.7      -7.1
2026-02-11 07:54:16,290 - INFO - 
CC:
2026-02-11 07:54:16,290 - INFO - ------------------------------------------------------------
2026-02-11 07:54:16,290 - INFO - Pairing         \u03c4 (ms)       \u03b8 (°)      \u03b8_err      PSR (dB)  
2026-02-11 07:54:16,291 - INFO - ------------------------------------------------------------
2026-02-11 07:54:16,291 - INFO - MicL-MicR       -1.688 ± 1.356  -24.4     47.3      0.1
2026-02-11 07:54:16,291 - INFO - Raw_LDV         +5.583 ± 4.294  +90.0     67.1      0.3
2026-02-11 07:54:16,291 - INFO - Random_LDV      +2.562 ± 5.351  +38.9     67.1      0.1
2026-02-11 07:54:16,291 - INFO - OMP_LDV         +2.562 ± 5.356  +38.9     67.1      0.1
2026-02-11 07:54:16,291 - INFO - 
NCC:
2026-02-11 07:54:16,291 - INFO - ------------------------------------------------------------
2026-02-11 07:54:16,291 - INFO - Pairing         \u03c4 (ms)       \u03b8 (°)      \u03b8_err      PSR (dB)  
2026-02-11 07:54:16,291 - INFO - ------------------------------------------------------------
2026-02-11 07:54:16,292 - INFO - MicL-MicR       -1.688 ± 1.356  -24.4     47.3      0.1
2026-02-11 07:54:16,292 - INFO - Raw_LDV         +5.583 ± 4.294  +90.0     67.1      0.3
2026-02-11 07:54:16,292 - INFO - Random_LDV      +2.562 ± 5.351  +38.9     67.1      0.1
2026-02-11 07:54:16,292 - INFO - OMP_LDV         +2.562 ± 5.356  +38.9     67.1      0.1
2026-02-11 07:54:16,292 - INFO - 
MUSIC:
2026-02-11 07:54:16,292 - INFO - ------------------------------------------------------------
2026-02-11 07:54:16,292 - INFO - Pairing         \u03c4 (ms)       \u03b8 (°)      \u03b8_err      PSR (dB)  
2026-02-11 07:54:16,292 - INFO - ------------------------------------------------------------
2026-02-11 07:54:16,292 - INFO - MicL-MicR       -8.999 ± 4.365  -90.0     112.9      0.5
2026-02-11 07:54:16,293 - INFO - Raw_LDV         -2.252 ± 4.906  -33.5     56.7      0.3
2026-02-11 07:54:16,293 - INFO - Random_LDV      -1.992 ± 6.247  -29.2     67.1      0.5
2026-02-11 07:54:16,293 - INFO - OMP_LDV         -2.392 ± 4.714  -35.9     58.7      0.4
2026-02-11 07:54:16,293 - INFO - 
======================================================================
2026-02-11 07:54:16,293 - INFO - Pass Conditions:
2026-02-11 07:54:16,293 - INFO - ======================================================================
2026-02-11 07:54:16,293 - INFO - GCC-PHAT: OMP \u03b8_err=1.7° (Raw=3.8°) \u2713 PASS
2026-02-11 07:54:16,293 - INFO - CC: OMP \u03b8_err=67.1° (Raw=67.1°) \u2717 FAIL
2026-02-11 07:54:16,293 - INFO - NCC: OMP \u03b8_err=67.1° (Raw=67.1°) \u2717 FAIL
2026-02-11 07:54:16,293 - INFO - MUSIC: OMP \u03b8_err=58.7° (Raw=56.7°) \u2717 FAIL
2026-02-11 07:54:16,293 - INFO - ------------------------------------------------------------
2026-02-11 07:54:16,293 - INFO - OVERALL: \u2717 FAILED (1/4 methods)
2026-02-11 07:54:16,293 - INFO - ======================================================================
2026-02-11 07:54:16,293 - INFO - 
Results saved to: results\stage4_speech_chirp_tau2_band0_20260211_072624\18-0.1V\summary.json
